2024-04-19 13:43:14.322 [info] Log level: Info
2024-04-19 13:43:14.325 [info] Validating found git in: "git"
2024-04-19 13:43:14.325 [info] Using git "2.34.1" from "git"
2024-04-19 13:43:14.325 [info] > git rev-parse --show-toplevel [200ms]
2024-04-19 13:43:14.325 [info] fatal: not a git repository (or any of the parent directories): .git
2024-04-19 13:43:14.325 [info] > git rev-parse --show-toplevel [17ms]
2024-04-19 13:43:14.325 [info] fatal: not a git repository (or any of the parent directories): .git
2024-04-19 13:43:14.327 [info] > git rev-parse --show-toplevel [5ms]
2024-04-19 13:43:14.327 [info] fatal: not a git repository (or any of the parent directories): .git
2024-04-19 13:46:24.708 [info] > git rev-parse --show-toplevel [2ms]
2024-04-19 13:46:24.708 [info] fatal: not a git repository (or any of the parent directories): .git
2024-04-19 13:46:28.874 [info] > git rev-parse --show-toplevel [7ms]
2024-04-19 13:46:28.874 [info] fatal: not a git repository (or any of the parent directories): .git
2024-04-19 13:50:47.356 [info] > git rev-parse --show-toplevel [2ms]
2024-04-19 13:50:47.366 [info] > git rev-parse --git-dir --git-common-dir [2ms]
2024-04-19 13:50:47.390 [info] Open repository: /home/root1
2024-04-19 13:50:47.415 [info] No remotes found in the git config file.
2024-04-19 13:50:47.419 [info] > git config --get commit.template [18ms]
2024-04-19 13:50:47.431 [info] > git for-each-ref --format=%(refname)%00%(upstream:short)%00%(objectname)%00%(upstream:track)%00%(upstream:remotename)%00%(upstream:remoteref) refs/heads/master refs/remotes/master [17ms]
2024-04-19 13:50:47.432 [warning] No such branch: master.
2024-04-19 13:50:47.474 [info] > git status -z -uall [33ms]
2024-04-19 13:50:47.969 [info] No remotes found in the git config file.
2024-04-19 13:50:48.089 [info] > git check-ignore -v -z --stdin [83ms]
2024-04-19 13:50:48.091 [info] > git for-each-ref --format=%(refname)%00%(upstream:short)%00%(objectname)%00%(upstream:track)%00%(upstream:remotename)%00%(upstream:remoteref) refs/heads/master refs/remotes/master [123ms]
2024-04-19 13:50:48.092 [warning] No such branch: master.
2024-04-19 13:50:48.093 [info] > git config --get commit.template [194ms]
2024-04-19 13:50:48.179 [info] > git status -z -uall [59ms]
2024-04-19 13:50:48.179 [info] > git show --textconv :.bashrc [36ms]
2024-04-19 13:50:48.179 [info] > git ls-files --stage -- /home/root1/.bashrc [14ms]
2024-04-19 13:50:51.012 [info] > git config --get commit.template [2ms]
2024-04-19 13:50:51.025 [info] No remotes found in the git config file.
2024-04-19 13:50:51.027 [info] > git for-each-ref --format=%(refname)%00%(upstream:short)%00%(objectname)%00%(upstream:track)%00%(upstream:remotename)%00%(upstream:remoteref) refs/heads/master refs/remotes/master [2ms]
2024-04-19 13:50:51.027 [warning] No such branch: master.
2024-04-19 13:50:51.056 [info] > git status -z -uall [21ms]
2024-04-19 13:50:56.104 [info] > git config --get commit.template [2ms]
2024-04-19 13:50:56.111 [info] No remotes found in the git config file.
2024-04-19 13:50:56.112 [info] > git for-each-ref --format=%(refname)%00%(upstream:short)%00%(objectname)%00%(upstream:track)%00%(upstream:remotename)%00%(upstream:remoteref) refs/heads/master refs/remotes/master [1ms]
2024-04-19 13:50:56.112 [warning] No such branch: master.
2024-04-19 13:50:56.131 [info] > git status -z -uall [12ms]
2024-04-19 13:51:01.173 [info] No remotes found in the git config file.
2024-04-19 13:51:01.175 [info] > git config --get commit.template [9ms]
2024-04-19 13:51:01.176 [info] > git for-each-ref --format=%(refname)%00%(upstream:short)%00%(objectname)%00%(upstream:track)%00%(upstream:remotename)%00%(upstream:remoteref) refs/heads/master refs/remotes/master [3ms]
2024-04-19 13:51:01.176 [warning] No such branch: master.
2024-04-19 13:51:01.197 [info] > git status -z -uall [12ms]
2024-04-19 13:51:06.234 [info] > git config --get commit.template [2ms]
2024-04-19 13:51:06.242 [info] No remotes found in the git config file.
2024-04-19 13:51:06.243 [info] > git for-each-ref --format=%(refname)%00%(upstream:short)%00%(objectname)%00%(upstream:track)%00%(upstream:remotename)%00%(upstream:remoteref) refs/heads/master refs/remotes/master [1ms]
2024-04-19 13:51:06.244 [warning] No such branch: master.
2024-04-19 13:51:06.264 [info] > git status -z -uall [12ms]
2024-04-19 13:51:11.310 [info] No remotes found in the git config file.
2024-04-19 13:51:11.311 [info] > git config --get commit.template [10ms]
2024-04-19 13:51:11.312 [info] > git for-each-ref --format=%(refname)%00%(upstream:short)%00%(objectname)%00%(upstream:track)%00%(upstream:remotename)%00%(upstream:remoteref) refs/heads/master refs/remotes/master [3ms]
2024-04-19 13:51:11.312 [warning] No such branch: master.
2024-04-19 13:51:11.334 [info] > git status -z -uall [15ms]
2024-04-19 13:51:16.375 [info] > git config --get commit.template [2ms]
2024-04-19 13:51:16.376 [info] No remotes found in the git config file.
2024-04-19 13:51:16.386 [info] > git for-each-ref --format=%(refname)%00%(upstream:short)%00%(objectname)%00%(upstream:track)%00%(upstream:remotename)%00%(upstream:remoteref) refs/heads/master refs/remotes/master [3ms]
2024-04-19 13:51:16.386 [warning] No such branch: master.
2024-04-19 13:51:16.411 [info] > git status -z -uall [17ms]
2024-04-19 13:51:24.017 [info] > git config --get commit.template [2ms]
2024-04-19 13:51:24.026 [info] No remotes found in the git config file.
2024-04-19 13:51:24.026 [info] > git for-each-ref --format=%(refname)%00%(upstream:short)%00%(objectname)%00%(upstream:track)%00%(upstream:remotename)%00%(upstream:remoteref) refs/heads/master refs/remotes/master [1ms]
2024-04-19 13:51:24.027 [warning] No such branch: master.
2024-04-19 13:51:24.051 [info] > git status -z -uall [16ms]
2024-04-19 13:51:29.124 [info] No remotes found in the git config file.
2024-04-19 13:51:29.126 [info] > git config --get commit.template [15ms]
2024-04-19 13:51:29.127 [info] > git for-each-ref --format=%(refname)%00%(upstream:short)%00%(objectname)%00%(upstream:track)%00%(upstream:remotename)%00%(upstream:remoteref) refs/heads/master refs/remotes/master [4ms]
2024-04-19 13:51:29.127 [warning] No such branch: master.
2024-04-19 13:51:29.150 [info] > git status -z -uall [14ms]
2024-04-19 13:51:34.195 [info] No remotes found in the git config file.
2024-04-19 13:51:34.196 [info] > git config --get commit.template [10ms]
2024-04-19 13:51:34.197 [info] > git for-each-ref --format=%(refname)%00%(upstream:short)%00%(objectname)%00%(upstream:track)%00%(upstream:remotename)%00%(upstream:remoteref) refs/heads/master refs/remotes/master [3ms]
2024-04-19 13:51:34.197 [warning] No such branch: master.
2024-04-19 13:51:34.216 [info] > git status -z -uall [12ms]
2024-04-19 13:51:39.251 [info] > git config --get commit.template [2ms]
2024-04-19 13:51:39.260 [info] No remotes found in the git config file.
2024-04-19 13:51:39.261 [info] > git for-each-ref --format=%(refname)%00%(upstream:short)%00%(objectname)%00%(upstream:track)%00%(upstream:remotename)%00%(upstream:remoteref) refs/heads/master refs/remotes/master [2ms]
2024-04-19 13:51:39.261 [warning] No such branch: master.
2024-04-19 13:51:39.281 [info] > git status -z -uall [13ms]
2024-04-19 13:51:44.330 [info] No remotes found in the git config file.
2024-04-19 13:51:44.332 [info] > git config --get commit.template [13ms]
2024-04-19 13:51:44.332 [info] > git for-each-ref --format=%(refname)%00%(upstream:short)%00%(objectname)%00%(upstream:track)%00%(upstream:remotename)%00%(upstream:remoteref) refs/heads/master refs/remotes/master [2ms]
2024-04-19 13:51:44.332 [warning] No such branch: master.
2024-04-19 13:51:44.356 [info] > git status -z -uall [10ms]
2024-04-19 13:51:49.405 [info] No remotes found in the git config file.
2024-04-19 13:51:49.406 [info] > git config --get commit.template [10ms]
2024-04-19 13:51:49.406 [info] > git for-each-ref --format=%(refname)%00%(upstream:short)%00%(objectname)%00%(upstream:track)%00%(upstream:remotename)%00%(upstream:remoteref) refs/heads/master refs/remotes/master [2ms]
2024-04-19 13:51:49.407 [warning] No such branch: master.
2024-04-19 13:51:49.425 [info] > git status -z -uall [11ms]
2024-04-19 13:51:54.469 [info] No remotes found in the git config file.
2024-04-19 13:51:54.471 [info] > git config --get commit.template [11ms]
2024-04-19 13:51:54.471 [info] > git for-each-ref --format=%(refname)%00%(upstream:short)%00%(objectname)%00%(upstream:track)%00%(upstream:remotename)%00%(upstream:remoteref) refs/heads/master refs/remotes/master [2ms]
2024-04-19 13:51:54.471 [warning] No such branch: master.
2024-04-19 13:51:54.490 [info] > git status -z -uall [12ms]
2024-04-19 13:51:59.532 [info] No remotes found in the git config file.
2024-04-19 13:51:59.534 [info] > git config --get commit.template [11ms]
2024-04-19 13:51:59.534 [info] > git for-each-ref --format=%(refname)%00%(upstream:short)%00%(objectname)%00%(upstream:track)%00%(upstream:remotename)%00%(upstream:remoteref) refs/heads/master refs/remotes/master [2ms]
2024-04-19 13:51:59.534 [warning] No such branch: master.
2024-04-19 13:51:59.553 [info] > git status -z -uall [12ms]
2024-04-19 13:52:04.595 [info] No remotes found in the git config file.
2024-04-19 13:52:04.596 [info] > git config --get commit.template [10ms]
2024-04-19 13:52:04.596 [info] > git for-each-ref --format=%(refname)%00%(upstream:short)%00%(objectname)%00%(upstream:track)%00%(upstream:remotename)%00%(upstream:remoteref) refs/heads/master refs/remotes/master [2ms]
2024-04-19 13:52:04.597 [warning] No such branch: master.
2024-04-19 13:52:04.616 [info] > git status -z -uall [13ms]
2024-04-19 13:52:09.654 [info] > git config --get commit.template [2ms]
2024-04-19 13:52:09.662 [info] No remotes found in the git config file.
2024-04-19 13:52:09.663 [info] > git for-each-ref --format=%(refname)%00%(upstream:short)%00%(objectname)%00%(upstream:track)%00%(upstream:remotename)%00%(upstream:remoteref) refs/heads/master refs/remotes/master [2ms]
2024-04-19 13:52:09.664 [warning] No such branch: master.
2024-04-19 13:52:09.682 [info] > git status -z -uall [11ms]
2024-04-19 13:52:14.719 [info] > git config --get commit.template [2ms]
2024-04-19 13:52:14.728 [info] No remotes found in the git config file.
2024-04-19 13:52:14.729 [info] > git for-each-ref --format=%(refname)%00%(upstream:short)%00%(objectname)%00%(upstream:track)%00%(upstream:remotename)%00%(upstream:remoteref) refs/heads/master refs/remotes/master [2ms]
2024-04-19 13:52:14.729 [warning] No such branch: master.
2024-04-19 13:52:14.748 [info] > git status -z -uall [12ms]
2024-04-19 13:52:19.793 [info] No remotes found in the git config file.
2024-04-19 13:52:19.794 [info] > git config --get commit.template [10ms]
2024-04-19 13:52:19.795 [info] > git for-each-ref --format=%(refname)%00%(upstream:short)%00%(objectname)%00%(upstream:track)%00%(upstream:remotename)%00%(upstream:remoteref) refs/heads/master refs/remotes/master [3ms]
2024-04-19 13:52:19.795 [warning] No such branch: master.
2024-04-19 13:52:19.814 [info] > git status -z -uall [11ms]
2024-04-19 13:52:24.857 [info] No remotes found in the git config file.
2024-04-19 13:52:24.858 [info] > git config --get commit.template [10ms]
2024-04-19 13:52:24.858 [info] > git for-each-ref --format=%(refname)%00%(upstream:short)%00%(objectname)%00%(upstream:track)%00%(upstream:remotename)%00%(upstream:remoteref) refs/heads/master refs/remotes/master [1ms]
2024-04-19 13:52:24.859 [warning] No such branch: master.
2024-04-19 13:52:24.878 [info] > git status -z -uall [12ms]
2024-04-19 13:52:29.925 [info] No remotes found in the git config file.
2024-04-19 13:52:29.926 [info] > git config --get commit.template [9ms]
2024-04-19 13:52:29.927 [info] > git for-each-ref --format=%(refname)%00%(upstream:short)%00%(objectname)%00%(upstream:track)%00%(upstream:remotename)%00%(upstream:remoteref) refs/heads/master refs/remotes/master [2ms]
2024-04-19 13:52:29.927 [warning] No such branch: master.
2024-04-19 13:52:29.945 [info] > git status -z -uall [11ms]
2024-04-19 13:52:34.982 [info] > git config --get commit.template [2ms]
2024-04-19 13:52:34.989 [info] No remotes found in the git config file.
2024-04-19 13:52:34.991 [info] > git for-each-ref --format=%(refname)%00%(upstream:short)%00%(objectname)%00%(upstream:track)%00%(upstream:remotename)%00%(upstream:remoteref) refs/heads/master refs/remotes/master [1ms]
2024-04-19 13:52:34.991 [warning] No such branch: master.
2024-04-19 13:52:35.010 [info] > git status -z -uall [12ms]
2024-04-19 13:52:42.408 [info] No remotes found in the git config file.
2024-04-19 13:52:42.410 [info] > git config --get commit.template [9ms]
2024-04-19 13:52:42.410 [info] > git for-each-ref --format=%(refname)%00%(upstream:short)%00%(objectname)%00%(upstream:track)%00%(upstream:remotename)%00%(upstream:remoteref) refs/heads/master refs/remotes/master [2ms]
2024-04-19 13:52:42.410 [warning] No such branch: master.
2024-04-19 13:52:42.428 [info] > git status -z -uall [11ms]
2024-04-19 13:52:47.471 [info] > git config --get commit.template [8ms]
2024-04-19 13:52:47.471 [info] No remotes found in the git config file.
2024-04-19 13:52:47.472 [info] > git for-each-ref --format=%(refname)%00%(upstream:short)%00%(objectname)%00%(upstream:track)%00%(upstream:remotename)%00%(upstream:remoteref) refs/heads/master refs/remotes/master [2ms]
2024-04-19 13:52:47.472 [warning] No such branch: master.
2024-04-19 13:52:47.491 [info] > git status -z -uall [12ms]
2024-04-19 13:52:52.536 [info] No remotes found in the git config file.
2024-04-19 13:52:52.537 [info] > git config --get commit.template [10ms]
2024-04-19 13:52:52.538 [info] > git for-each-ref --format=%(refname)%00%(upstream:short)%00%(objectname)%00%(upstream:track)%00%(upstream:remotename)%00%(upstream:remoteref) refs/heads/master refs/remotes/master [2ms]
2024-04-19 13:52:52.538 [warning] No such branch: master.
2024-04-19 13:52:52.564 [info] > git status -z -uall [19ms]
2024-04-19 13:52:57.602 [info] > git config --get commit.template [2ms]
2024-04-19 13:52:57.610 [info] No remotes found in the git config file.
2024-04-19 13:52:57.611 [info] > git for-each-ref --format=%(refname)%00%(upstream:short)%00%(objectname)%00%(upstream:track)%00%(upstream:remotename)%00%(upstream:remoteref) refs/heads/master refs/remotes/master [2ms]
2024-04-19 13:52:57.611 [warning] No such branch: master.
2024-04-19 13:52:57.630 [info] > git status -z -uall [12ms]
2024-04-19 13:53:02.672 [info] No remotes found in the git config file.
2024-04-19 13:53:02.673 [info] > git config --get commit.template [10ms]
2024-04-19 13:53:02.674 [info] > git for-each-ref --format=%(refname)%00%(upstream:short)%00%(objectname)%00%(upstream:track)%00%(upstream:remotename)%00%(upstream:remoteref) refs/heads/master refs/remotes/master [3ms]
2024-04-19 13:53:02.674 [warning] No such branch: master.
2024-04-19 13:53:02.693 [info] > git status -z -uall [12ms]
2024-04-19 13:53:07.727 [info] > git config --get commit.template [2ms]
2024-04-19 13:53:07.735 [info] No remotes found in the git config file.
2024-04-19 13:53:07.736 [info] > git for-each-ref --format=%(refname)%00%(upstream:short)%00%(objectname)%00%(upstream:track)%00%(upstream:remotename)%00%(upstream:remoteref) refs/heads/master refs/remotes/master [1ms]
2024-04-19 13:53:07.737 [warning] No such branch: master.
2024-04-19 13:53:07.756 [info] > git status -z -uall [11ms]
2024-04-19 13:53:12.790 [info] > git config --get commit.template [2ms]
2024-04-19 13:53:12.800 [info] No remotes found in the git config file.
2024-04-19 13:53:12.802 [info] > git for-each-ref --format=%(refname)%00%(upstream:short)%00%(objectname)%00%(upstream:track)%00%(upstream:remotename)%00%(upstream:remoteref) refs/heads/master refs/remotes/master [1ms]
2024-04-19 13:53:12.802 [warning] No such branch: master.
2024-04-19 13:53:12.822 [info] > git status -z -uall [13ms]
2024-04-19 13:53:17.864 [info] No remotes found in the git config file.
2024-04-19 13:53:17.865 [info] > git config --get commit.template [10ms]
2024-04-19 13:53:17.866 [info] > git for-each-ref --format=%(refname)%00%(upstream:short)%00%(objectname)%00%(upstream:track)%00%(upstream:remotename)%00%(upstream:remoteref) refs/heads/master refs/remotes/master [2ms]
2024-04-19 13:53:17.866 [warning] No such branch: master.
2024-04-19 13:53:17.885 [info] > git status -z -uall [11ms]
2024-04-19 13:53:22.929 [info] No remotes found in the git config file.
2024-04-19 13:53:22.930 [info] > git config --get commit.template [9ms]
2024-04-19 13:53:22.930 [info] > git for-each-ref --format=%(refname)%00%(upstream:short)%00%(objectname)%00%(upstream:track)%00%(upstream:remotename)%00%(upstream:remoteref) refs/heads/master refs/remotes/master [2ms]
2024-04-19 13:53:22.930 [warning] No such branch: master.
2024-04-19 13:53:22.949 [info] > git status -z -uall [11ms]
2024-04-19 13:53:27.990 [info] > git config --get commit.template [3ms]
2024-04-19 13:53:27.997 [info] No remotes found in the git config file.
2024-04-19 13:53:27.999 [info] > git for-each-ref --format=%(refname)%00%(upstream:short)%00%(objectname)%00%(upstream:track)%00%(upstream:remotename)%00%(upstream:remoteref) refs/heads/master refs/remotes/master [2ms]
2024-04-19 13:53:27.999 [warning] No such branch: master.
2024-04-19 13:53:28.021 [info] > git status -z -uall [14ms]
2024-04-19 13:53:33.066 [info] No remotes found in the git config file.
2024-04-19 13:53:33.067 [info] > git config --get commit.template [11ms]
2024-04-19 13:53:33.069 [info] > git for-each-ref --format=%(refname)%00%(upstream:short)%00%(objectname)%00%(upstream:track)%00%(upstream:remotename)%00%(upstream:remoteref) refs/heads/master refs/remotes/master [3ms]
2024-04-19 13:53:33.070 [warning] No such branch: master.
2024-04-19 13:53:33.088 [info] > git status -z -uall [11ms]
2024-04-19 13:53:38.124 [info] > git config --get commit.template [2ms]
2024-04-19 13:53:38.132 [info] No remotes found in the git config file.
2024-04-19 13:53:38.133 [info] > git for-each-ref --format=%(refname)%00%(upstream:short)%00%(objectname)%00%(upstream:track)%00%(upstream:remotename)%00%(upstream:remoteref) refs/heads/master refs/remotes/master [2ms]
2024-04-19 13:53:38.133 [warning] No such branch: master.
2024-04-19 13:53:38.152 [info] > git status -z -uall [12ms]
2024-04-19 13:53:43.188 [info] > git config --get commit.template [2ms]
2024-04-19 13:53:43.196 [info] No remotes found in the git config file.
2024-04-19 13:53:43.197 [info] > git for-each-ref --format=%(refname)%00%(upstream:short)%00%(objectname)%00%(upstream:track)%00%(upstream:remotename)%00%(upstream:remoteref) refs/heads/master refs/remotes/master [1ms]
2024-04-19 13:53:43.198 [warning] No such branch: master.
2024-04-19 13:53:43.216 [info] > git status -z -uall [12ms]
2024-04-19 13:53:48.620 [info] > git config --get commit.template [1ms]
2024-04-19 13:53:48.630 [info] No remotes found in the git config file.
2024-04-19 13:53:48.631 [info] > git for-each-ref --format=%(refname)%00%(upstream:short)%00%(objectname)%00%(upstream:track)%00%(upstream:remotename)%00%(upstream:remoteref) refs/heads/master refs/remotes/master [2ms]
2024-04-19 13:53:48.631 [warning] No such branch: master.
2024-04-19 13:53:48.650 [info] > git status -z -uall [12ms]
2024-04-19 13:53:53.683 [info] > git config --get commit.template [1ms]
2024-04-19 13:53:53.692 [info] No remotes found in the git config file.
2024-04-19 13:53:53.694 [info] > git for-each-ref --format=%(refname)%00%(upstream:short)%00%(objectname)%00%(upstream:track)%00%(upstream:remotename)%00%(upstream:remoteref) refs/heads/master refs/remotes/master [1ms]
2024-04-19 13:53:53.694 [warning] No such branch: master.
2024-04-19 13:53:53.712 [info] > git status -z -uall [11ms]
2024-04-19 13:53:58.753 [info] No remotes found in the git config file.
2024-04-19 13:53:58.754 [info] > git config --get commit.template [9ms]
2024-04-19 13:53:58.755 [info] > git for-each-ref --format=%(refname)%00%(upstream:short)%00%(objectname)%00%(upstream:track)%00%(upstream:remotename)%00%(upstream:remoteref) refs/heads/master refs/remotes/master [2ms]
2024-04-19 13:53:58.755 [warning] No such branch: master.
2024-04-19 13:53:58.774 [info] > git status -z -uall [12ms]
2024-04-19 13:54:03.810 [info] > git config --get commit.template [2ms]
2024-04-19 13:54:03.824 [info] No remotes found in the git config file.
2024-04-19 13:54:03.825 [info] > git for-each-ref --format=%(refname)%00%(upstream:short)%00%(objectname)%00%(upstream:track)%00%(upstream:remotename)%00%(upstream:remoteref) refs/heads/master refs/remotes/master [2ms]
2024-04-19 13:54:03.826 [warning] No such branch: master.
2024-04-19 13:54:03.882 [info] > git status -z -uall [36ms]
2024-04-19 13:54:08.961 [info] No remotes found in the git config file.
2024-04-19 13:54:08.962 [info] > git config --get commit.template [11ms]
2024-04-19 13:54:08.963 [info] > git for-each-ref --format=%(refname)%00%(upstream:short)%00%(objectname)%00%(upstream:track)%00%(upstream:remotename)%00%(upstream:remoteref) refs/heads/master refs/remotes/master [2ms]
2024-04-19 13:54:08.963 [warning] No such branch: master.
2024-04-19 13:54:08.981 [info] > git status -z -uall [11ms]
2024-04-19 13:54:14.033 [info] No remotes found in the git config file.
2024-04-19 13:54:14.035 [info] > git config --get commit.template [11ms]
2024-04-19 13:54:14.035 [info] > git for-each-ref --format=%(refname)%00%(upstream:short)%00%(objectname)%00%(upstream:track)%00%(upstream:remotename)%00%(upstream:remoteref) refs/heads/master refs/remotes/master [3ms]
2024-04-19 13:54:14.035 [warning] No such branch: master.
2024-04-19 13:54:14.057 [info] > git status -z -uall [13ms]
2024-04-19 13:54:19.106 [info] No remotes found in the git config file.
2024-04-19 13:54:19.107 [info] > git config --get commit.template [11ms]
2024-04-19 13:54:19.108 [info] > git for-each-ref --format=%(refname)%00%(upstream:short)%00%(objectname)%00%(upstream:track)%00%(upstream:remotename)%00%(upstream:remoteref) refs/heads/master refs/remotes/master [2ms]
2024-04-19 13:54:19.108 [warning] No such branch: master.
2024-04-19 13:54:19.134 [info] > git status -z -uall [18ms]
2024-04-19 13:54:24.176 [info] No remotes found in the git config file.
2024-04-19 13:54:24.177 [info] > git config --get commit.template [9ms]
2024-04-19 13:54:24.177 [info] > git for-each-ref --format=%(refname)%00%(upstream:short)%00%(objectname)%00%(upstream:track)%00%(upstream:remotename)%00%(upstream:remoteref) refs/heads/master refs/remotes/master [2ms]
2024-04-19 13:54:24.177 [warning] No such branch: master.
2024-04-19 13:54:24.196 [info] > git status -z -uall [11ms]
2024-04-19 13:54:29.240 [info] No remotes found in the git config file.
2024-04-19 13:54:29.241 [info] > git config --get commit.template [9ms]
2024-04-19 13:54:29.241 [info] > git for-each-ref --format=%(refname)%00%(upstream:short)%00%(objectname)%00%(upstream:track)%00%(upstream:remotename)%00%(upstream:remoteref) refs/heads/master refs/remotes/master [2ms]
2024-04-19 13:54:29.242 [warning] No such branch: master.
2024-04-19 13:54:29.261 [info] > git status -z -uall [11ms]
2024-04-19 13:54:34.302 [info] No remotes found in the git config file.
2024-04-19 13:54:34.304 [info] > git config --get commit.template [10ms]
2024-04-19 13:54:34.305 [info] > git for-each-ref --format=%(refname)%00%(upstream:short)%00%(objectname)%00%(upstream:track)%00%(upstream:remotename)%00%(upstream:remoteref) refs/heads/master refs/remotes/master [2ms]
2024-04-19 13:54:34.305 [warning] No such branch: master.
2024-04-19 13:54:34.324 [info] > git status -z -uall [11ms]
2024-04-19 13:54:39.359 [info] > git config --get commit.template [2ms]
2024-04-19 13:54:39.367 [info] No remotes found in the git config file.
2024-04-19 13:54:39.368 [info] > git for-each-ref --format=%(refname)%00%(upstream:short)%00%(objectname)%00%(upstream:track)%00%(upstream:remotename)%00%(upstream:remoteref) refs/heads/master refs/remotes/master [1ms]
2024-04-19 13:54:39.368 [warning] No such branch: master.
2024-04-19 13:54:39.387 [info] > git status -z -uall [12ms]
2024-04-19 13:54:44.430 [info] No remotes found in the git config file.
2024-04-19 13:54:44.431 [info] > git config --get commit.template [11ms]
2024-04-19 13:54:44.432 [info] > git for-each-ref --format=%(refname)%00%(upstream:short)%00%(objectname)%00%(upstream:track)%00%(upstream:remotename)%00%(upstream:remoteref) refs/heads/master refs/remotes/master [3ms]
2024-04-19 13:54:44.432 [warning] No such branch: master.
2024-04-19 13:54:44.451 [info] > git status -z -uall [12ms]
2024-04-19 13:54:49.492 [info] > git config --get commit.template [4ms]
2024-04-19 13:54:49.500 [info] No remotes found in the git config file.
2024-04-19 13:54:49.501 [info] > git for-each-ref --format=%(refname)%00%(upstream:short)%00%(objectname)%00%(upstream:track)%00%(upstream:remotename)%00%(upstream:remoteref) refs/heads/master refs/remotes/master [2ms]
2024-04-19 13:54:49.501 [warning] No such branch: master.
2024-04-19 13:54:49.529 [info] > git status -z -uall [21ms]
2024-04-19 13:54:54.565 [info] > git config --get commit.template [2ms]
2024-04-19 13:54:54.573 [info] No remotes found in the git config file.
2024-04-19 13:54:54.575 [info] > git for-each-ref --format=%(refname)%00%(upstream:short)%00%(objectname)%00%(upstream:track)%00%(upstream:remotename)%00%(upstream:remoteref) refs/heads/master refs/remotes/master [1ms]
2024-04-19 13:54:54.575 [warning] No such branch: master.
2024-04-19 13:54:54.594 [info] > git status -z -uall [11ms]
2024-04-19 13:54:59.636 [info] No remotes found in the git config file.
2024-04-19 13:54:59.637 [info] > git config --get commit.template [10ms]
2024-04-19 13:54:59.638 [info] > git for-each-ref --format=%(refname)%00%(upstream:short)%00%(objectname)%00%(upstream:track)%00%(upstream:remotename)%00%(upstream:remoteref) refs/heads/master refs/remotes/master [3ms]
2024-04-19 13:54:59.638 [warning] No such branch: master.
2024-04-19 13:54:59.657 [info] > git status -z -uall [12ms]
2024-04-19 13:55:04.699 [info] No remotes found in the git config file.
2024-04-19 13:55:04.699 [info] > git config --get commit.template [9ms]
2024-04-19 13:55:04.700 [info] > git for-each-ref --format=%(refname)%00%(upstream:short)%00%(objectname)%00%(upstream:track)%00%(upstream:remotename)%00%(upstream:remoteref) refs/heads/master refs/remotes/master [2ms]
2024-04-19 13:55:04.700 [warning] No such branch: master.
2024-04-19 13:55:04.719 [info] > git status -z -uall [12ms]
2024-04-19 13:55:09.766 [info] No remotes found in the git config file.
2024-04-19 13:55:09.767 [info] > git config --get commit.template [10ms]
2024-04-19 13:55:09.768 [info] > git for-each-ref --format=%(refname)%00%(upstream:short)%00%(objectname)%00%(upstream:track)%00%(upstream:remotename)%00%(upstream:remoteref) refs/heads/master refs/remotes/master [3ms]
2024-04-19 13:55:09.768 [warning] No such branch: master.
2024-04-19 13:55:09.787 [info] > git status -z -uall [12ms]
2024-04-19 13:55:14.823 [info] > git config --get commit.template [3ms]
2024-04-19 13:55:14.830 [info] No remotes found in the git config file.
2024-04-19 13:55:14.831 [info] > git for-each-ref --format=%(refname)%00%(upstream:short)%00%(objectname)%00%(upstream:track)%00%(upstream:remotename)%00%(upstream:remoteref) refs/heads/master refs/remotes/master [1ms]
2024-04-19 13:55:14.832 [warning] No such branch: master.
2024-04-19 13:55:14.850 [info] > git status -z -uall [11ms]
2024-04-19 13:55:19.888 [info] > git config --get commit.template [2ms]
2024-04-19 13:55:19.896 [info] No remotes found in the git config file.
2024-04-19 13:55:19.897 [info] > git for-each-ref --format=%(refname)%00%(upstream:short)%00%(objectname)%00%(upstream:track)%00%(upstream:remotename)%00%(upstream:remoteref) refs/heads/master refs/remotes/master [2ms]
2024-04-19 13:55:19.898 [warning] No such branch: master.
2024-04-19 13:55:19.917 [info] > git status -z -uall [12ms]
2024-04-19 13:55:24.957 [info] No remotes found in the git config file.
2024-04-19 13:55:24.959 [info] > git config --get commit.template [10ms]
2024-04-19 13:55:24.959 [info] > git for-each-ref --format=%(refname)%00%(upstream:short)%00%(objectname)%00%(upstream:track)%00%(upstream:remotename)%00%(upstream:remoteref) refs/heads/master refs/remotes/master [2ms]
2024-04-19 13:55:24.960 [warning] No such branch: master.
2024-04-19 13:55:24.978 [info] > git status -z -uall [12ms]
2024-04-19 13:55:30.019 [info] No remotes found in the git config file.
2024-04-19 13:55:30.020 [info] > git config --get commit.template [10ms]
2024-04-19 13:55:30.020 [info] > git for-each-ref --format=%(refname)%00%(upstream:short)%00%(objectname)%00%(upstream:track)%00%(upstream:remotename)%00%(upstream:remoteref) refs/heads/master refs/remotes/master [2ms]
2024-04-19 13:55:30.021 [warning] No such branch: master.
2024-04-19 13:55:30.039 [info] > git status -z -uall [12ms]
2024-04-19 13:55:35.081 [info] No remotes found in the git config file.
2024-04-19 13:55:35.082 [info] > git config --get commit.template [10ms]
2024-04-19 13:55:35.083 [info] > git for-each-ref --format=%(refname)%00%(upstream:short)%00%(objectname)%00%(upstream:track)%00%(upstream:remotename)%00%(upstream:remoteref) refs/heads/master refs/remotes/master [2ms]
2024-04-19 13:55:35.083 [warning] No such branch: master.
2024-04-19 13:55:35.101 [info] > git status -z -uall [11ms]
2024-04-19 13:55:40.140 [info] > git config --get commit.template [2ms]
2024-04-19 13:55:40.148 [info] No remotes found in the git config file.
2024-04-19 13:55:40.149 [info] > git for-each-ref --format=%(refname)%00%(upstream:short)%00%(objectname)%00%(upstream:track)%00%(upstream:remotename)%00%(upstream:remoteref) refs/heads/master refs/remotes/master [1ms]
2024-04-19 13:55:40.149 [warning] No such branch: master.
2024-04-19 13:55:40.169 [info] > git status -z -uall [13ms]
2024-04-19 13:55:45.211 [info] No remotes found in the git config file.
2024-04-19 13:55:45.212 [info] > git config --get commit.template [9ms]
2024-04-19 13:55:45.212 [info] > git for-each-ref --format=%(refname)%00%(upstream:short)%00%(objectname)%00%(upstream:track)%00%(upstream:remotename)%00%(upstream:remoteref) refs/heads/master refs/remotes/master [2ms]
2024-04-19 13:55:45.212 [warning] No such branch: master.
2024-04-19 13:55:45.232 [info] > git status -z -uall [12ms]
2024-04-19 13:55:50.267 [info] > git config --get commit.template [2ms]
2024-04-19 13:55:50.275 [info] No remotes found in the git config file.
2024-04-19 13:55:50.276 [info] > git for-each-ref --format=%(refname)%00%(upstream:short)%00%(objectname)%00%(upstream:track)%00%(upstream:remotename)%00%(upstream:remoteref) refs/heads/master refs/remotes/master [2ms]
2024-04-19 13:55:50.277 [warning] No such branch: master.
2024-04-19 13:55:50.296 [info] > git status -z -uall [12ms]
2024-04-19 13:55:55.337 [info] No remotes found in the git config file.
2024-04-19 13:55:55.338 [info] > git config --get commit.template [10ms]
2024-04-19 13:55:55.339 [info] > git for-each-ref --format=%(refname)%00%(upstream:short)%00%(objectname)%00%(upstream:track)%00%(upstream:remotename)%00%(upstream:remoteref) refs/heads/master refs/remotes/master [3ms]
2024-04-19 13:55:55.339 [warning] No such branch: master.
2024-04-19 13:55:55.360 [info] > git status -z -uall [14ms]
2024-04-19 13:56:00.403 [info] No remotes found in the git config file.
2024-04-19 13:56:00.405 [info] > git config --get commit.template [10ms]
2024-04-19 13:56:00.405 [info] > git for-each-ref --format=%(refname)%00%(upstream:short)%00%(objectname)%00%(upstream:track)%00%(upstream:remotename)%00%(upstream:remoteref) refs/heads/master refs/remotes/master [2ms]
2024-04-19 13:56:00.406 [warning] No such branch: master.
2024-04-19 13:56:00.424 [info] > git status -z -uall [12ms]
2024-04-19 13:56:05.468 [info] No remotes found in the git config file.
2024-04-19 13:56:05.469 [info] > git config --get commit.template [10ms]
2024-04-19 13:56:05.470 [info] > git for-each-ref --format=%(refname)%00%(upstream:short)%00%(objectname)%00%(upstream:track)%00%(upstream:remotename)%00%(upstream:remoteref) refs/heads/master refs/remotes/master [3ms]
2024-04-19 13:56:05.470 [warning] No such branch: master.
2024-04-19 13:56:05.489 [info] > git status -z -uall [11ms]
2024-04-19 13:56:10.525 [info] > git config --get commit.template [2ms]
2024-04-19 13:56:10.533 [info] No remotes found in the git config file.
2024-04-19 13:56:10.534 [info] > git for-each-ref --format=%(refname)%00%(upstream:short)%00%(objectname)%00%(upstream:track)%00%(upstream:remotename)%00%(upstream:remoteref) refs/heads/master refs/remotes/master [2ms]
2024-04-19 13:56:10.535 [warning] No such branch: master.
2024-04-19 13:56:10.555 [info] > git status -z -uall [14ms]
2024-04-19 13:56:15.590 [info] > git config --get commit.template [2ms]
2024-04-19 13:56:15.598 [info] No remotes found in the git config file.
2024-04-19 13:56:15.600 [info] > git for-each-ref --format=%(refname)%00%(upstream:short)%00%(objectname)%00%(upstream:track)%00%(upstream:remotename)%00%(upstream:remoteref) refs/heads/master refs/remotes/master [2ms]
2024-04-19 13:56:15.601 [warning] No such branch: master.
2024-04-19 13:56:15.620 [info] > git status -z -uall [11ms]
2024-04-19 13:56:20.654 [info] > git config --get commit.template [2ms]
2024-04-19 13:56:20.662 [info] No remotes found in the git config file.
2024-04-19 13:56:20.663 [info] > git for-each-ref --format=%(refname)%00%(upstream:short)%00%(objectname)%00%(upstream:track)%00%(upstream:remotename)%00%(upstream:remoteref) refs/heads/master refs/remotes/master [1ms]
2024-04-19 13:56:20.663 [warning] No such branch: master.
2024-04-19 13:56:20.683 [info] > git status -z -uall [12ms]
2024-04-19 13:56:25.725 [info] No remotes found in the git config file.
2024-04-19 13:56:25.726 [info] > git config --get commit.template [11ms]
2024-04-19 13:56:25.726 [info] > git for-each-ref --format=%(refname)%00%(upstream:short)%00%(objectname)%00%(upstream:track)%00%(upstream:remotename)%00%(upstream:remoteref) refs/heads/master refs/remotes/master [2ms]
2024-04-19 13:56:25.727 [warning] No such branch: master.
2024-04-19 13:56:25.746 [info] > git status -z -uall [11ms]
2024-04-19 13:56:30.781 [info] > git config --get commit.template [2ms]
2024-04-19 13:56:30.791 [info] No remotes found in the git config file.
2024-04-19 13:56:30.795 [info] > git for-each-ref --format=%(refname)%00%(upstream:short)%00%(objectname)%00%(upstream:track)%00%(upstream:remotename)%00%(upstream:remoteref) refs/heads/master refs/remotes/master [5ms]
2024-04-19 13:56:30.795 [warning] No such branch: master.
2024-04-19 13:56:30.814 [info] > git status -z -uall [12ms]
2024-04-19 13:56:35.860 [info] No remotes found in the git config file.
2024-04-19 13:56:35.862 [info] > git config --get commit.template [10ms]
2024-04-19 13:56:35.862 [info] > git for-each-ref --format=%(refname)%00%(upstream:short)%00%(objectname)%00%(upstream:track)%00%(upstream:remotename)%00%(upstream:remoteref) refs/heads/master refs/remotes/master [2ms]
2024-04-19 13:56:35.862 [warning] No such branch: master.
2024-04-19 13:56:35.881 [info] > git status -z -uall [11ms]
2024-04-19 13:56:40.919 [info] > git config --get commit.template [2ms]
2024-04-19 13:56:40.927 [info] No remotes found in the git config file.
2024-04-19 13:56:40.928 [info] > git for-each-ref --format=%(refname)%00%(upstream:short)%00%(objectname)%00%(upstream:track)%00%(upstream:remotename)%00%(upstream:remoteref) refs/heads/master refs/remotes/master [1ms]
2024-04-19 13:56:40.929 [warning] No such branch: master.
2024-04-19 13:56:40.948 [info] > git status -z -uall [11ms]
2024-04-19 13:56:45.991 [info] No remotes found in the git config file.
2024-04-19 13:56:45.992 [info] > git config --get commit.template [10ms]
2024-04-19 13:56:45.993 [info] > git for-each-ref --format=%(refname)%00%(upstream:short)%00%(objectname)%00%(upstream:track)%00%(upstream:remotename)%00%(upstream:remoteref) refs/heads/master refs/remotes/master [2ms]
2024-04-19 13:56:45.993 [warning] No such branch: master.
2024-04-19 13:56:46.012 [info] > git status -z -uall [12ms]
2024-04-19 13:56:51.049 [info] > git config --get commit.template [2ms]
2024-04-19 13:56:51.057 [info] No remotes found in the git config file.
2024-04-19 13:56:51.058 [info] > git for-each-ref --format=%(refname)%00%(upstream:short)%00%(objectname)%00%(upstream:track)%00%(upstream:remotename)%00%(upstream:remoteref) refs/heads/master refs/remotes/master [1ms]
2024-04-19 13:56:51.059 [warning] No such branch: master.
2024-04-19 13:56:51.077 [info] > git status -z -uall [11ms]
2024-04-19 13:56:56.113 [info] > git config --get commit.template [2ms]
2024-04-19 13:56:56.122 [info] No remotes found in the git config file.
2024-04-19 13:56:56.123 [info] > git for-each-ref --format=%(refname)%00%(upstream:short)%00%(objectname)%00%(upstream:track)%00%(upstream:remotename)%00%(upstream:remoteref) refs/heads/master refs/remotes/master [2ms]
2024-04-19 13:56:56.123 [warning] No such branch: master.
2024-04-19 13:56:56.142 [info] > git status -z -uall [11ms]
2024-04-19 13:57:01.186 [info] No remotes found in the git config file.
2024-04-19 13:57:01.187 [info] > git config --get commit.template [10ms]
2024-04-19 13:57:01.187 [info] > git for-each-ref --format=%(refname)%00%(upstream:short)%00%(objectname)%00%(upstream:track)%00%(upstream:remotename)%00%(upstream:remoteref) refs/heads/master refs/remotes/master [2ms]
2024-04-19 13:57:01.188 [warning] No such branch: master.
2024-04-19 13:57:01.207 [info] > git status -z -uall [12ms]
2024-04-19 13:57:06.249 [info] No remotes found in the git config file.
2024-04-19 13:57:06.250 [info] > git config --get commit.template [9ms]
2024-04-19 13:57:06.250 [info] > git for-each-ref --format=%(refname)%00%(upstream:short)%00%(objectname)%00%(upstream:track)%00%(upstream:remotename)%00%(upstream:remoteref) refs/heads/master refs/remotes/master [2ms]
2024-04-19 13:57:06.250 [warning] No such branch: master.
2024-04-19 13:57:06.269 [info] > git status -z -uall [12ms]
2024-04-19 13:57:11.310 [info] No remotes found in the git config file.
2024-04-19 13:57:11.312 [info] > git config --get commit.template [9ms]
2024-04-19 13:57:11.312 [info] > git for-each-ref --format=%(refname)%00%(upstream:short)%00%(objectname)%00%(upstream:track)%00%(upstream:remotename)%00%(upstream:remoteref) refs/heads/master refs/remotes/master [2ms]
2024-04-19 13:57:11.312 [warning] No such branch: master.
2024-04-19 13:57:11.332 [info] > git status -z -uall [12ms]
2024-04-19 13:57:16.375 [info] No remotes found in the git config file.
2024-04-19 13:57:16.376 [info] > git config --get commit.template [9ms]
2024-04-19 13:57:16.376 [info] > git for-each-ref --format=%(refname)%00%(upstream:short)%00%(objectname)%00%(upstream:track)%00%(upstream:remotename)%00%(upstream:remoteref) refs/heads/master refs/remotes/master [2ms]
2024-04-19 13:57:16.376 [warning] No such branch: master.
2024-04-19 13:57:16.396 [info] > git status -z -uall [11ms]
2024-04-19 13:57:21.436 [info] No remotes found in the git config file.
2024-04-19 13:57:21.437 [info] > git config --get commit.template [9ms]
2024-04-19 13:57:21.437 [info] > git for-each-ref --format=%(refname)%00%(upstream:short)%00%(objectname)%00%(upstream:track)%00%(upstream:remotename)%00%(upstream:remoteref) refs/heads/master refs/remotes/master [2ms]
2024-04-19 13:57:21.437 [warning] No such branch: master.
2024-04-19 13:57:21.456 [info] > git status -z -uall [12ms]
2024-04-19 13:57:26.500 [info] No remotes found in the git config file.
2024-04-19 13:57:26.501 [info] > git config --get commit.template [11ms]
2024-04-19 13:57:26.501 [info] > git for-each-ref --format=%(refname)%00%(upstream:short)%00%(objectname)%00%(upstream:track)%00%(upstream:remotename)%00%(upstream:remoteref) refs/heads/master refs/remotes/master [2ms]
2024-04-19 13:57:26.502 [warning] No such branch: master.
2024-04-19 13:57:26.526 [info] > git status -z -uall [17ms]
2024-04-19 13:57:43.211 [info] No remotes found in the git config file.
2024-04-19 13:57:43.213 [info] > git config --get commit.template [14ms]
2024-04-19 13:57:43.221 [info] > git for-each-ref --format=%(refname)%00%(upstream:short)%00%(objectname)%00%(upstream:track)%00%(upstream:remotename)%00%(upstream:remoteref) refs/heads/master refs/remotes/master [11ms]
2024-04-19 13:57:43.222 [warning] No such branch: master.
2024-04-19 13:57:43.258 [info] > git status -z -uall [27ms]
2024-04-19 13:57:48.321 [info] No remotes found in the git config file.
2024-04-19 13:57:48.323 [info] > git config --get commit.template [9ms]
2024-04-19 13:57:48.323 [info] > git for-each-ref --format=%(refname)%00%(upstream:short)%00%(objectname)%00%(upstream:track)%00%(upstream:remotename)%00%(upstream:remoteref) refs/heads/master refs/remotes/master [2ms]
2024-04-19 13:57:48.323 [warning] No such branch: master.
2024-04-19 13:57:48.342 [info] > git status -z -uall [11ms]
2024-04-19 13:57:49.790 [info] > git ls-files --stage -- /home/root1/.bashrc [2ms]
2024-04-19 13:57:49.806 [info] > git show --textconv :.bashrc [2ms]
2024-04-19 13:57:53.389 [info] > git config --get commit.template [9ms]
2024-04-19 13:57:53.389 [info] > git for-each-ref --format=%(refname)%00%(upstream:short)%00%(objectname)%00%(upstream:track)%00%(upstream:remotename)%00%(upstream:remoteref) refs/heads/master refs/remotes/master [2ms]
2024-04-19 13:57:53.389 [warning] No such branch: master.
2024-04-19 13:57:53.408 [info] > git status -z -uall [11ms]
2024-04-19 13:57:58.453 [info] > git config --get commit.template [9ms]
2024-04-19 13:57:58.454 [info] > git for-each-ref --format=%(refname)%00%(upstream:short)%00%(objectname)%00%(upstream:track)%00%(upstream:remotename)%00%(upstream:remoteref) refs/heads/master refs/remotes/master [2ms]
2024-04-19 13:57:58.454 [warning] No such branch: master.
2024-04-19 13:57:58.473 [info] > git status -z -uall [12ms]
2024-04-19 13:58:03.513 [info] > git config --get commit.template [2ms]
2024-04-19 13:58:03.522 [info] > git for-each-ref --format=%(refname)%00%(upstream:short)%00%(objectname)%00%(upstream:track)%00%(upstream:remotename)%00%(upstream:remoteref) refs/heads/master refs/remotes/master [1ms]
2024-04-19 13:58:03.523 [warning] No such branch: master.
2024-04-19 13:58:03.542 [info] > git status -z -uall [12ms]
2024-04-19 13:58:08.582 [info] > git config --get commit.template [2ms]
2024-04-19 13:58:08.591 [info] > git for-each-ref --format=%(refname)%00%(upstream:short)%00%(objectname)%00%(upstream:track)%00%(upstream:remotename)%00%(upstream:remoteref) refs/heads/master refs/remotes/master [2ms]
2024-04-19 13:58:08.591 [warning] No such branch: master.
2024-04-19 13:58:08.615 [info] > git status -z -uall [14ms]
2024-04-19 13:58:13.662 [info] > git config --get commit.template [11ms]
2024-04-19 13:58:13.663 [info] > git for-each-ref --format=%(refname)%00%(upstream:short)%00%(objectname)%00%(upstream:track)%00%(upstream:remotename)%00%(upstream:remoteref) refs/heads/master refs/remotes/master [3ms]
2024-04-19 13:58:13.663 [warning] No such branch: master.
2024-04-19 13:58:13.684 [info] > git status -z -uall [12ms]
2024-04-19 13:58:18.724 [info] > git config --get commit.template [4ms]
2024-04-19 13:58:18.734 [info] > git for-each-ref --format=%(refname)%00%(upstream:short)%00%(objectname)%00%(upstream:track)%00%(upstream:remotename)%00%(upstream:remoteref) refs/heads/master refs/remotes/master [2ms]
2024-04-19 13:58:18.735 [warning] No such branch: master.
2024-04-19 13:58:18.755 [info] > git status -z -uall [13ms]
2024-04-19 13:58:23.807 [info] > git config --get commit.template [8ms]
2024-04-19 13:58:23.807 [info] > git for-each-ref --format=%(refname)%00%(upstream:short)%00%(objectname)%00%(upstream:track)%00%(upstream:remotename)%00%(upstream:remoteref) refs/heads/master refs/remotes/master [1ms]
2024-04-19 13:58:23.807 [warning] No such branch: master.
2024-04-19 13:58:23.826 [info] > git status -z -uall [12ms]
2024-04-19 13:58:30.243 [info] > git config --get commit.template [22ms]
2024-04-19 13:58:30.244 [info] > git for-each-ref --format=%(refname)%00%(upstream:short)%00%(objectname)%00%(upstream:track)%00%(upstream:remotename)%00%(upstream:remoteref) refs/heads/master refs/remotes/master [4ms]
2024-04-19 13:58:30.245 [warning] No such branch: master.
2024-04-19 13:58:30.268 [info] > git status -z -uall [13ms]
2024-04-19 13:58:35.316 [info] > git config --get commit.template [11ms]
2024-04-19 13:58:35.859 [info] > git for-each-ref --format=%(refname)%00%(upstream:short)%00%(objectname)%00%(upstream:track)%00%(upstream:remotename)%00%(upstream:remoteref) refs/heads/master refs/remotes/master [544ms]
2024-04-19 13:58:35.859 [warning] No such branch: master.
2024-04-19 13:58:35.881 [info] > git status -z -uall [13ms]
2024-04-19 13:58:40.934 [info] > git config --get commit.template [12ms]
2024-04-19 13:58:40.934 [info] > git for-each-ref --format=%(refname)%00%(upstream:short)%00%(objectname)%00%(upstream:track)%00%(upstream:remotename)%00%(upstream:remoteref) refs/heads/master refs/remotes/master [2ms]
2024-04-19 13:58:40.934 [warning] No such branch: master.
2024-04-19 13:58:40.954 [info] > git status -z -uall [11ms]
2024-04-19 13:58:45.997 [info] > git config --get commit.template [9ms]
2024-04-19 13:58:45.997 [info] > git for-each-ref --format=%(refname)%00%(upstream:short)%00%(objectname)%00%(upstream:track)%00%(upstream:remotename)%00%(upstream:remoteref) refs/heads/master refs/remotes/master [1ms]
2024-04-19 13:58:45.997 [warning] No such branch: master.
2024-04-19 13:58:46.016 [info] > git status -z -uall [11ms]
2024-04-19 13:58:51.056 [info] > git config --get commit.template [2ms]
2024-04-19 13:58:51.068 [info] > git for-each-ref --format=%(refname)%00%(upstream:short)%00%(objectname)%00%(upstream:track)%00%(upstream:remotename)%00%(upstream:remoteref) refs/heads/master refs/remotes/master [2ms]
2024-04-19 13:58:51.068 [warning] No such branch: master.
2024-04-19 13:58:51.087 [info] > git status -z -uall [11ms]
2024-04-19 13:58:56.128 [info] > git config --get commit.template [2ms]
2024-04-19 13:58:56.139 [info] > git for-each-ref --format=%(refname)%00%(upstream:short)%00%(objectname)%00%(upstream:track)%00%(upstream:remotename)%00%(upstream:remoteref) refs/heads/master refs/remotes/master [1ms]
2024-04-19 13:58:56.140 [warning] No such branch: master.
2024-04-19 13:58:56.160 [info] > git status -z -uall [12ms]
2024-04-19 13:59:02.557 [info] > git config --get commit.template [10ms]
2024-04-19 13:59:02.558 [info] > git for-each-ref --format=%(refname)%00%(upstream:short)%00%(objectname)%00%(upstream:track)%00%(upstream:remotename)%00%(upstream:remoteref) refs/heads/master refs/remotes/master [2ms]
2024-04-19 13:59:02.558 [warning] No such branch: master.
2024-04-19 13:59:02.577 [info] > git status -z -uall [11ms]
2024-04-19 13:59:07.621 [info] > git config --get commit.template [2ms]
2024-04-19 13:59:07.630 [info] > git for-each-ref --format=%(refname)%00%(upstream:short)%00%(objectname)%00%(upstream:track)%00%(upstream:remotename)%00%(upstream:remoteref) refs/heads/master refs/remotes/master [1ms]
2024-04-19 13:59:07.630 [warning] No such branch: master.
2024-04-19 13:59:07.652 [info] > git status -z -uall [15ms]
2024-04-19 13:59:12.699 [info] > git config --get commit.template [10ms]
2024-04-19 13:59:12.699 [info] > git for-each-ref --format=%(refname)%00%(upstream:short)%00%(objectname)%00%(upstream:track)%00%(upstream:remotename)%00%(upstream:remoteref) refs/heads/master refs/remotes/master [2ms]
2024-04-19 13:59:12.699 [warning] No such branch: master.
2024-04-19 13:59:12.720 [info] > git status -z -uall [12ms]
2024-04-19 13:59:17.763 [info] > git config --get commit.template [9ms]
2024-04-19 13:59:17.764 [info] > git for-each-ref --format=%(refname)%00%(upstream:short)%00%(objectname)%00%(upstream:track)%00%(upstream:remotename)%00%(upstream:remoteref) refs/heads/master refs/remotes/master [2ms]
2024-04-19 13:59:17.764 [warning] No such branch: master.
2024-04-19 13:59:17.788 [info] > git status -z -uall [16ms]
2024-04-19 13:59:22.825 [info] > git config --get commit.template [2ms]
2024-04-19 13:59:22.834 [info] > git for-each-ref --format=%(refname)%00%(upstream:short)%00%(objectname)%00%(upstream:track)%00%(upstream:remotename)%00%(upstream:remoteref) refs/heads/master refs/remotes/master [1ms]
2024-04-19 13:59:22.834 [warning] No such branch: master.
2024-04-19 13:59:22.854 [info] > git status -z -uall [12ms]
2024-04-19 13:59:27.899 [info] > git config --get commit.template [10ms]
2024-04-19 13:59:27.899 [info] > git for-each-ref --format=%(refname)%00%(upstream:short)%00%(objectname)%00%(upstream:track)%00%(upstream:remotename)%00%(upstream:remoteref) refs/heads/master refs/remotes/master [1ms]
2024-04-19 13:59:27.900 [warning] No such branch: master.
2024-04-19 13:59:27.920 [info] > git status -z -uall [13ms]
2024-04-19 13:59:32.968 [info] > git config --get commit.template [11ms]
2024-04-19 13:59:32.968 [info] > git for-each-ref --format=%(refname)%00%(upstream:short)%00%(objectname)%00%(upstream:track)%00%(upstream:remotename)%00%(upstream:remoteref) refs/heads/master refs/remotes/master [1ms]
2024-04-19 13:59:32.969 [warning] No such branch: master.
2024-04-19 13:59:32.988 [info] > git status -z -uall [12ms]
2024-04-19 13:59:38.024 [info] > git config --get commit.template [2ms]
2024-04-19 13:59:38.033 [info] > git for-each-ref --format=%(refname)%00%(upstream:short)%00%(objectname)%00%(upstream:track)%00%(upstream:remotename)%00%(upstream:remoteref) refs/heads/master refs/remotes/master [1ms]
2024-04-19 13:59:38.033 [warning] No such branch: master.
2024-04-19 13:59:38.052 [info] > git status -z -uall [11ms]
2024-04-19 13:59:43.088 [info] > git config --get commit.template [2ms]
2024-04-19 13:59:43.097 [info] > git for-each-ref --format=%(refname)%00%(upstream:short)%00%(objectname)%00%(upstream:track)%00%(upstream:remotename)%00%(upstream:remoteref) refs/heads/master refs/remotes/master [1ms]
2024-04-19 13:59:43.097 [warning] No such branch: master.
2024-04-19 13:59:43.117 [info] > git status -z -uall [12ms]
2024-04-19 13:59:48.152 [info] > git config --get commit.template [1ms]
2024-04-19 13:59:48.161 [info] > git for-each-ref --format=%(refname)%00%(upstream:short)%00%(objectname)%00%(upstream:track)%00%(upstream:remotename)%00%(upstream:remoteref) refs/heads/master refs/remotes/master [1ms]
2024-04-19 13:59:48.162 [warning] No such branch: master.
2024-04-19 13:59:48.181 [info] > git status -z -uall [12ms]
2024-04-19 13:59:53.235 [info] > git config --get commit.template [10ms]
2024-04-19 13:59:53.236 [info] > git for-each-ref --format=%(refname)%00%(upstream:short)%00%(objectname)%00%(upstream:track)%00%(upstream:remotename)%00%(upstream:remoteref) refs/heads/master refs/remotes/master [2ms]
2024-04-19 13:59:53.236 [warning] No such branch: master.
2024-04-19 13:59:53.255 [info] > git status -z -uall [12ms]
2024-04-19 13:59:58.301 [info] > git config --get commit.template [9ms]
2024-04-19 13:59:58.302 [info] > git for-each-ref --format=%(refname)%00%(upstream:short)%00%(objectname)%00%(upstream:track)%00%(upstream:remotename)%00%(upstream:remoteref) refs/heads/master refs/remotes/master [2ms]
2024-04-19 13:59:58.302 [warning] No such branch: master.
2024-04-19 13:59:58.322 [info] > git status -z -uall [12ms]
2024-04-19 14:00:03.368 [info] > git config --get commit.template [11ms]
2024-04-19 14:00:03.368 [info] > git for-each-ref --format=%(refname)%00%(upstream:short)%00%(objectname)%00%(upstream:track)%00%(upstream:remotename)%00%(upstream:remoteref) refs/heads/master refs/remotes/master [2ms]
2024-04-19 14:00:03.369 [warning] No such branch: master.
2024-04-19 14:00:03.392 [info] > git status -z -uall [13ms]
2024-04-19 14:00:08.434 [info] > git config --get commit.template [2ms]
2024-04-19 14:00:08.445 [info] > git for-each-ref --format=%(refname)%00%(upstream:short)%00%(objectname)%00%(upstream:track)%00%(upstream:remotename)%00%(upstream:remoteref) refs/heads/master refs/remotes/master [1ms]
2024-04-19 14:00:08.446 [warning] No such branch: master.
2024-04-19 14:00:08.470 [info] > git status -z -uall [17ms]
2024-04-19 14:00:13.514 [info] > git config --get commit.template [10ms]
2024-04-19 14:00:13.515 [info] > git for-each-ref --format=%(refname)%00%(upstream:short)%00%(objectname)%00%(upstream:track)%00%(upstream:remotename)%00%(upstream:remoteref) refs/heads/master refs/remotes/master [2ms]
2024-04-19 14:00:13.515 [warning] No such branch: master.
2024-04-19 14:00:13.534 [info] > git status -z -uall [12ms]
2024-04-19 14:00:18.580 [info] > git config --get commit.template [10ms]
2024-04-19 14:00:18.581 [info] > git for-each-ref --format=%(refname)%00%(upstream:short)%00%(objectname)%00%(upstream:track)%00%(upstream:remotename)%00%(upstream:remoteref) refs/heads/master refs/remotes/master [3ms]
2024-04-19 14:00:18.581 [warning] No such branch: master.
2024-04-19 14:00:18.600 [info] > git status -z -uall [12ms]
2024-04-19 14:00:23.644 [info] > git config --get commit.template [8ms]
2024-04-19 14:00:23.644 [info] > git for-each-ref --format=%(refname)%00%(upstream:short)%00%(objectname)%00%(upstream:track)%00%(upstream:remotename)%00%(upstream:remoteref) refs/heads/master refs/remotes/master [1ms]
2024-04-19 14:00:23.644 [warning] No such branch: master.
2024-04-19 14:00:23.663 [info] > git status -z -uall [11ms]
2024-04-19 14:00:28.708 [info] > git config --get commit.template [12ms]
2024-04-19 14:00:28.709 [info] > git for-each-ref --format=%(refname)%00%(upstream:short)%00%(objectname)%00%(upstream:track)%00%(upstream:remotename)%00%(upstream:remoteref) refs/heads/master refs/remotes/master [2ms]
2024-04-19 14:00:28.710 [warning] No such branch: master.
2024-04-19 14:00:28.732 [info] > git status -z -uall [13ms]
2024-04-19 14:00:33.783 [info] > git config --get commit.template [12ms]
2024-04-19 14:00:33.783 [info] > git for-each-ref --format=%(refname)%00%(upstream:short)%00%(objectname)%00%(upstream:track)%00%(upstream:remotename)%00%(upstream:remoteref) refs/heads/master refs/remotes/master [2ms]
2024-04-19 14:00:33.783 [warning] No such branch: master.
2024-04-19 14:00:33.806 [info] > git status -z -uall [15ms]
2024-04-19 14:00:38.841 [info] > git config --get commit.template [2ms]
2024-04-19 14:00:38.850 [info] > git for-each-ref --format=%(refname)%00%(upstream:short)%00%(objectname)%00%(upstream:track)%00%(upstream:remotename)%00%(upstream:remoteref) refs/heads/master refs/remotes/master [2ms]
2024-04-19 14:00:38.850 [warning] No such branch: master.
2024-04-19 14:00:38.870 [info] > git status -z -uall [12ms]
2024-04-19 14:00:43.916 [info] > git config --get commit.template [2ms]
2024-04-19 14:00:43.927 [info] > git for-each-ref --format=%(refname)%00%(upstream:short)%00%(objectname)%00%(upstream:track)%00%(upstream:remotename)%00%(upstream:remoteref) refs/heads/master refs/remotes/master [1ms]
2024-04-19 14:00:43.928 [warning] No such branch: master.
2024-04-19 14:00:43.954 [info] > git status -z -uall [17ms]
2024-04-19 14:00:48.989 [info] > git config --get commit.template [2ms]
2024-04-19 14:00:48.999 [info] > git for-each-ref --format=%(refname)%00%(upstream:short)%00%(objectname)%00%(upstream:track)%00%(upstream:remotename)%00%(upstream:remoteref) refs/heads/master refs/remotes/master [2ms]
2024-04-19 14:00:48.999 [warning] No such branch: master.
2024-04-19 14:00:49.019 [info] > git status -z -uall [13ms]
2024-04-19 14:00:54.068 [info] > git config --get commit.template [9ms]
2024-04-19 14:00:54.069 [info] > git for-each-ref --format=%(refname)%00%(upstream:short)%00%(objectname)%00%(upstream:track)%00%(upstream:remotename)%00%(upstream:remoteref) refs/heads/master refs/remotes/master [2ms]
2024-04-19 14:00:54.069 [warning] No such branch: master.
2024-04-19 14:00:54.090 [info] > git status -z -uall [12ms]
2024-04-19 14:00:59.518 [info] > git config --get commit.template [2ms]
2024-04-19 14:00:59.527 [info] > git for-each-ref --format=%(refname)%00%(upstream:short)%00%(objectname)%00%(upstream:track)%00%(upstream:remotename)%00%(upstream:remoteref) refs/heads/master refs/remotes/master [1ms]
2024-04-19 14:00:59.528 [warning] No such branch: master.
2024-04-19 14:00:59.546 [info] > git status -z -uall [11ms]
2024-04-19 14:01:04.580 [info] > git config --get commit.template [2ms]
2024-04-19 14:01:04.590 [info] > git for-each-ref --format=%(refname)%00%(upstream:short)%00%(objectname)%00%(upstream:track)%00%(upstream:remotename)%00%(upstream:remoteref) refs/heads/master refs/remotes/master [2ms]
2024-04-19 14:01:04.591 [warning] No such branch: master.
2024-04-19 14:01:04.610 [info] > git status -z -uall [11ms]
2024-04-19 14:01:09.664 [info] > git config --get commit.template [5ms]
2024-04-19 14:01:09.675 [info] > git for-each-ref --format=%(refname)%00%(upstream:short)%00%(objectname)%00%(upstream:track)%00%(upstream:remotename)%00%(upstream:remoteref) refs/heads/master refs/remotes/master [2ms]
2024-04-19 14:01:09.675 [warning] No such branch: master.
2024-04-19 14:01:09.695 [info] > git status -z -uall [12ms]
2024-04-19 14:01:14.748 [info] > git config --get commit.template [2ms]
2024-04-19 14:01:14.758 [info] > git for-each-ref --format=%(refname)%00%(upstream:short)%00%(objectname)%00%(upstream:track)%00%(upstream:remotename)%00%(upstream:remoteref) refs/heads/master refs/remotes/master [2ms]
2024-04-19 14:01:14.758 [warning] No such branch: master.
2024-04-19 14:01:14.777 [info] > git status -z -uall [12ms]
2024-04-19 14:01:19.820 [info] > git config --get commit.template [10ms]
2024-04-19 14:01:19.821 [info] > git for-each-ref --format=%(refname)%00%(upstream:short)%00%(objectname)%00%(upstream:track)%00%(upstream:remotename)%00%(upstream:remoteref) refs/heads/master refs/remotes/master [2ms]
2024-04-19 14:01:19.821 [warning] No such branch: master.
2024-04-19 14:01:19.840 [info] > git status -z -uall [12ms]
2024-04-19 14:01:24.882 [info] > git config --get commit.template [10ms]
2024-04-19 14:01:24.883 [info] > git for-each-ref --format=%(refname)%00%(upstream:short)%00%(objectname)%00%(upstream:track)%00%(upstream:remotename)%00%(upstream:remoteref) refs/heads/master refs/remotes/master [1ms]
2024-04-19 14:01:24.883 [warning] No such branch: master.
2024-04-19 14:01:24.901 [info] > git status -z -uall [11ms]
2024-04-19 14:01:29.947 [info] > git config --get commit.template [14ms]
2024-04-19 14:01:29.948 [info] > git for-each-ref --format=%(refname)%00%(upstream:short)%00%(objectname)%00%(upstream:track)%00%(upstream:remotename)%00%(upstream:remoteref) refs/heads/master refs/remotes/master [2ms]
2024-04-19 14:01:29.948 [warning] No such branch: master.
2024-04-19 14:01:29.968 [info] > git status -z -uall [11ms]
2024-04-19 14:01:35.542 [info] > git config --get commit.template [2ms]
2024-04-19 14:01:35.551 [info] > git for-each-ref --format=%(refname)%00%(upstream:short)%00%(objectname)%00%(upstream:track)%00%(upstream:remotename)%00%(upstream:remoteref) refs/heads/master refs/remotes/master [2ms]
2024-04-19 14:01:35.551 [warning] No such branch: master.
2024-04-19 14:01:35.571 [info] > git status -z -uall [12ms]
2024-04-19 14:01:40.606 [info] > git config --get commit.template [2ms]
2024-04-19 14:01:40.616 [info] > git for-each-ref --format=%(refname)%00%(upstream:short)%00%(objectname)%00%(upstream:track)%00%(upstream:remotename)%00%(upstream:remoteref) refs/heads/master refs/remotes/master [2ms]
2024-04-19 14:01:40.616 [warning] No such branch: master.
2024-04-19 14:01:40.645 [info] > git status -z -uall [20ms]
2024-04-19 14:01:45.687 [info] > git config --get commit.template [10ms]
2024-04-19 14:01:45.687 [info] > git for-each-ref --format=%(refname)%00%(upstream:short)%00%(objectname)%00%(upstream:track)%00%(upstream:remotename)%00%(upstream:remoteref) refs/heads/master refs/remotes/master [1ms]
2024-04-19 14:01:45.688 [warning] No such branch: master.
2024-04-19 14:01:45.706 [info] > git status -z -uall [11ms]
2024-04-19 14:01:50.749 [info] > git config --get commit.template [10ms]
2024-04-19 14:01:50.749 [info] > git for-each-ref --format=%(refname)%00%(upstream:short)%00%(objectname)%00%(upstream:track)%00%(upstream:remotename)%00%(upstream:remoteref) refs/heads/master refs/remotes/master [2ms]
2024-04-19 14:01:50.750 [warning] No such branch: master.
2024-04-19 14:01:50.768 [info] > git status -z -uall [11ms]
2024-04-19 14:01:55.804 [info] > git config --get commit.template [2ms]
2024-04-19 14:01:55.814 [info] > git for-each-ref --format=%(refname)%00%(upstream:short)%00%(objectname)%00%(upstream:track)%00%(upstream:remotename)%00%(upstream:remoteref) refs/heads/master refs/remotes/master [1ms]
2024-04-19 14:01:55.814 [warning] No such branch: master.
2024-04-19 14:01:55.834 [info] > git status -z -uall [12ms]
2024-04-19 14:02:00.878 [info] > git config --get commit.template [9ms]
2024-04-19 14:02:00.878 [info] > git for-each-ref --format=%(refname)%00%(upstream:short)%00%(objectname)%00%(upstream:track)%00%(upstream:remotename)%00%(upstream:remoteref) refs/heads/master refs/remotes/master [2ms]
2024-04-19 14:02:00.878 [warning] No such branch: master.
2024-04-19 14:02:00.897 [info] > git status -z -uall [11ms]
2024-04-19 14:02:05.939 [info] > git config --get commit.template [9ms]
2024-04-19 14:02:05.939 [info] > git for-each-ref --format=%(refname)%00%(upstream:short)%00%(objectname)%00%(upstream:track)%00%(upstream:remotename)%00%(upstream:remoteref) refs/heads/master refs/remotes/master [2ms]
2024-04-19 14:02:05.939 [warning] No such branch: master.
2024-04-19 14:02:05.959 [info] > git status -z -uall [12ms]
2024-04-19 14:02:10.994 [info] > git config --get commit.template [2ms]
2024-04-19 14:02:11.003 [info] > git for-each-ref --format=%(refname)%00%(upstream:short)%00%(objectname)%00%(upstream:track)%00%(upstream:remotename)%00%(upstream:remoteref) refs/heads/master refs/remotes/master [1ms]
2024-04-19 14:02:11.003 [warning] No such branch: master.
2024-04-19 14:02:11.022 [info] > git status -z -uall [11ms]
2024-04-19 14:02:16.059 [info] > git config --get commit.template [2ms]
2024-04-19 14:02:16.069 [info] > git for-each-ref --format=%(refname)%00%(upstream:short)%00%(objectname)%00%(upstream:track)%00%(upstream:remotename)%00%(upstream:remoteref) refs/heads/master refs/remotes/master [1ms]
2024-04-19 14:02:16.069 [warning] No such branch: master.
2024-04-19 14:02:16.088 [info] > git status -z -uall [12ms]
2024-04-19 14:02:21.131 [info] > git config --get commit.template [9ms]
2024-04-19 14:02:21.131 [info] > git for-each-ref --format=%(refname)%00%(upstream:short)%00%(objectname)%00%(upstream:track)%00%(upstream:remotename)%00%(upstream:remoteref) refs/heads/master refs/remotes/master [2ms]
2024-04-19 14:02:21.132 [warning] No such branch: master.
2024-04-19 14:02:21.151 [info] > git status -z -uall [11ms]
2024-04-19 14:02:26.196 [info] > git config --get commit.template [9ms]
2024-04-19 14:02:26.196 [info] > git for-each-ref --format=%(refname)%00%(upstream:short)%00%(objectname)%00%(upstream:track)%00%(upstream:remotename)%00%(upstream:remoteref) refs/heads/master refs/remotes/master [1ms]
2024-04-19 14:02:26.197 [warning] No such branch: master.
2024-04-19 14:02:26.216 [info] > git status -z -uall [12ms]
2024-04-19 14:02:31.253 [info] > git config --get commit.template [2ms]
2024-04-19 14:02:31.262 [info] > git for-each-ref --format=%(refname)%00%(upstream:short)%00%(objectname)%00%(upstream:track)%00%(upstream:remotename)%00%(upstream:remoteref) refs/heads/master refs/remotes/master [1ms]
2024-04-19 14:02:31.262 [warning] No such branch: master.
2024-04-19 14:02:31.282 [info] > git status -z -uall [12ms]
2024-04-19 14:02:36.318 [info] > git config --get commit.template [2ms]
2024-04-19 14:02:36.327 [info] > git for-each-ref --format=%(refname)%00%(upstream:short)%00%(objectname)%00%(upstream:track)%00%(upstream:remotename)%00%(upstream:remoteref) refs/heads/master refs/remotes/master [2ms]
2024-04-19 14:02:36.327 [warning] No such branch: master.
2024-04-19 14:02:36.346 [info] > git status -z -uall [11ms]
2024-04-19 14:02:41.739 [info] > git config --get commit.template [8ms]
2024-04-19 14:02:41.749 [info] > git for-each-ref --format=%(refname)%00%(upstream:short)%00%(objectname)%00%(upstream:track)%00%(upstream:remotename)%00%(upstream:remoteref) refs/heads/master refs/remotes/master [2ms]
2024-04-19 14:02:41.749 [warning] No such branch: master.
2024-04-19 14:02:41.772 [info] > git status -z -uall [14ms]
2024-04-19 14:02:46.816 [info] > git config --get commit.template [8ms]
2024-04-19 14:02:46.817 [info] > git for-each-ref --format=%(refname)%00%(upstream:short)%00%(objectname)%00%(upstream:track)%00%(upstream:remotename)%00%(upstream:remoteref) refs/heads/master refs/remotes/master [2ms]
2024-04-19 14:02:46.818 [warning] No such branch: master.
2024-04-19 14:02:46.838 [info] > git status -z -uall [12ms]
2024-04-19 14:02:51.895 [info] > git config --get commit.template [3ms]
2024-04-19 14:02:51.912 [info] > git for-each-ref --format=%(refname)%00%(upstream:short)%00%(objectname)%00%(upstream:track)%00%(upstream:remotename)%00%(upstream:remoteref) refs/heads/master refs/remotes/master [6ms]
2024-04-19 14:02:51.913 [warning] No such branch: master.
2024-04-19 14:02:51.967 [info] > git status -z -uall [41ms]
2024-04-19 14:02:59.750 [info] > git config --get commit.template [10ms]
2024-04-19 14:02:59.750 [info] > git for-each-ref --format=%(refname)%00%(upstream:short)%00%(objectname)%00%(upstream:track)%00%(upstream:remotename)%00%(upstream:remoteref) refs/heads/master refs/remotes/master [2ms]
2024-04-19 14:02:59.750 [warning] No such branch: master.
2024-04-19 14:02:59.770 [info] > git status -z -uall [12ms]
2024-04-19 14:03:04.804 [info] > git config --get commit.template [2ms]
2024-04-19 14:03:04.816 [info] > git for-each-ref --format=%(refname)%00%(upstream:short)%00%(objectname)%00%(upstream:track)%00%(upstream:remotename)%00%(upstream:remoteref) refs/heads/master refs/remotes/master [2ms]
2024-04-19 14:03:04.816 [warning] No such branch: master.
2024-04-19 14:03:04.836 [info] > git status -z -uall [13ms]
2024-04-19 14:03:09.871 [info] > git config --get commit.template [2ms]
2024-04-19 14:03:09.880 [info] > git for-each-ref --format=%(refname)%00%(upstream:short)%00%(objectname)%00%(upstream:track)%00%(upstream:remotename)%00%(upstream:remoteref) refs/heads/master refs/remotes/master [1ms]
2024-04-19 14:03:09.881 [warning] No such branch: master.
2024-04-19 14:03:09.900 [info] > git status -z -uall [12ms]
2024-04-19 14:03:14.948 [info] > git config --get commit.template [13ms]
2024-04-19 14:03:14.949 [info] > git for-each-ref --format=%(refname)%00%(upstream:short)%00%(objectname)%00%(upstream:track)%00%(upstream:remotename)%00%(upstream:remoteref) refs/heads/master refs/remotes/master [3ms]
2024-04-19 14:03:14.949 [warning] No such branch: master.
2024-04-19 14:03:14.975 [info] > git status -z -uall [17ms]
2024-04-19 14:03:19.398 [info] > git ls-files --stage -- /home/root1/.bashrc [2ms]
2024-04-19 14:03:19.408 [info] > git cat-file -s b488fcc4cee656840d7a756298456eaa243b3e46 [1ms]
2024-04-19 14:03:19.424 [info] > git show --textconv :.bashrc [2ms]
2024-04-19 14:03:20.016 [info] > git config --get commit.template [10ms]
2024-04-19 14:03:20.017 [info] > git for-each-ref --format=%(refname)%00%(upstream:short)%00%(objectname)%00%(upstream:track)%00%(upstream:remotename)%00%(upstream:remoteref) refs/heads/master refs/remotes/master [2ms]
2024-04-19 14:03:20.017 [warning] No such branch: master.
2024-04-19 14:03:20.038 [info] > git status -z -uall [14ms]
2024-04-19 14:03:25.090 [info] > git config --get commit.template [10ms]
2024-04-19 14:03:25.091 [info] > git for-each-ref --format=%(refname)%00%(upstream:short)%00%(objectname)%00%(upstream:track)%00%(upstream:remotename)%00%(upstream:remoteref) refs/heads/master refs/remotes/master [2ms]
2024-04-19 14:03:25.091 [warning] No such branch: master.
2024-04-19 14:03:25.112 [info] > git status -z -uall [13ms]
2024-04-19 14:03:31.760 [info] > git config --get commit.template [2ms]
2024-04-19 14:03:31.770 [info] > git for-each-ref --format=%(refname)%00%(upstream:short)%00%(objectname)%00%(upstream:track)%00%(upstream:remotename)%00%(upstream:remoteref) refs/heads/master refs/remotes/master [1ms]
2024-04-19 14:03:31.770 [warning] No such branch: master.
2024-04-19 14:03:31.790 [info] > git status -z -uall [13ms]
2024-04-19 14:03:36.832 [info] > git config --get commit.template [2ms]
2024-04-19 14:03:36.842 [info] > git for-each-ref --format=%(refname)%00%(upstream:short)%00%(objectname)%00%(upstream:track)%00%(upstream:remotename)%00%(upstream:remoteref) refs/heads/master refs/remotes/master [2ms]
2024-04-19 14:03:36.843 [warning] No such branch: master.
2024-04-19 14:03:36.862 [info] > git status -z -uall [12ms]
2024-04-19 14:03:41.899 [info] > git config --get commit.template [2ms]
2024-04-19 14:03:41.909 [info] > git for-each-ref --format=%(refname)%00%(upstream:short)%00%(objectname)%00%(upstream:track)%00%(upstream:remotename)%00%(upstream:remoteref) refs/heads/master refs/remotes/master [2ms]
2024-04-19 14:03:41.909 [warning] No such branch: master.
2024-04-19 14:03:41.929 [info] > git status -z -uall [13ms]
2024-04-19 14:03:46.966 [info] > git config --get commit.template [3ms]
2024-04-19 14:03:46.976 [info] > git for-each-ref --format=%(refname)%00%(upstream:short)%00%(objectname)%00%(upstream:track)%00%(upstream:remotename)%00%(upstream:remoteref) refs/heads/master refs/remotes/master [2ms]
2024-04-19 14:03:46.976 [warning] No such branch: master.
2024-04-19 14:03:46.998 [info] > git status -z -uall [14ms]
2024-04-19 14:03:52.038 [info] > git config --get commit.template [2ms]
2024-04-19 14:03:52.054 [info] > git for-each-ref --format=%(refname)%00%(upstream:short)%00%(objectname)%00%(upstream:track)%00%(upstream:remotename)%00%(upstream:remoteref) refs/heads/master refs/remotes/master [2ms]
2024-04-19 14:03:52.055 [warning] No such branch: master.
2024-04-19 14:03:52.110 [info] > git status -z -uall [38ms]
2024-04-19 14:03:53.213 [info] > git ls-files --stage -- /home/root1/.bashrc [5ms]
2024-04-19 14:03:53.222 [info] > git cat-file -s b488fcc4cee656840d7a756298456eaa243b3e46 [2ms]
2024-04-19 14:03:53.242 [info] > git show --textconv :.bashrc [3ms]
2024-04-19 14:03:57.177 [info] > git config --get commit.template [9ms]
2024-04-19 14:03:57.177 [info] > git for-each-ref --format=%(refname)%00%(upstream:short)%00%(objectname)%00%(upstream:track)%00%(upstream:remotename)%00%(upstream:remoteref) refs/heads/master refs/remotes/master [2ms]
2024-04-19 14:03:57.177 [warning] No such branch: master.
2024-04-19 14:03:57.197 [info] > git status -z -uall [12ms]
2024-04-19 14:04:02.243 [info] > git config --get commit.template [10ms]
2024-04-19 14:04:02.243 [info] > git for-each-ref --format=%(refname)%00%(upstream:short)%00%(objectname)%00%(upstream:track)%00%(upstream:remotename)%00%(upstream:remoteref) refs/heads/master refs/remotes/master [2ms]
2024-04-19 14:04:02.243 [warning] No such branch: master.
2024-04-19 14:04:02.263 [info] > git status -z -uall [11ms]
2024-04-19 14:04:07.308 [info] > git config --get commit.template [9ms]
2024-04-19 14:04:07.308 [info] > git for-each-ref --format=%(refname)%00%(upstream:short)%00%(objectname)%00%(upstream:track)%00%(upstream:remotename)%00%(upstream:remoteref) refs/heads/master refs/remotes/master [1ms]
2024-04-19 14:04:07.308 [warning] No such branch: master.
2024-04-19 14:04:07.328 [info] > git status -z -uall [12ms]
2024-04-19 14:04:12.373 [info] > git config --get commit.template [10ms]
2024-04-19 14:04:12.373 [info] > git for-each-ref --format=%(refname)%00%(upstream:short)%00%(objectname)%00%(upstream:track)%00%(upstream:remotename)%00%(upstream:remoteref) refs/heads/master refs/remotes/master [2ms]
2024-04-19 14:04:12.373 [warning] No such branch: master.
2024-04-19 14:04:12.393 [info] > git status -z -uall [12ms]
2024-04-19 14:04:17.432 [info] > git config --get commit.template [2ms]
2024-04-19 14:04:17.450 [info] > git for-each-ref --format=%(refname)%00%(upstream:short)%00%(objectname)%00%(upstream:track)%00%(upstream:remotename)%00%(upstream:remoteref) refs/heads/master refs/remotes/master [2ms]
2024-04-19 14:04:17.450 [warning] No such branch: master.
2024-04-19 14:04:17.474 [info] > git status -z -uall [15ms]
2024-04-19 14:04:22.514 [info] > git config --get commit.template [2ms]
2024-04-19 14:04:22.524 [info] > git for-each-ref --format=%(refname)%00%(upstream:short)%00%(objectname)%00%(upstream:track)%00%(upstream:remotename)%00%(upstream:remoteref) refs/heads/master refs/remotes/master [2ms]
2024-04-19 14:04:22.524 [warning] No such branch: master.
2024-04-19 14:04:22.552 [info] > git status -z -uall [18ms]
2024-04-19 14:04:27.608 [info] > git config --get commit.template [12ms]
2024-04-19 14:04:27.609 [info] > git for-each-ref --format=%(refname)%00%(upstream:short)%00%(objectname)%00%(upstream:track)%00%(upstream:remotename)%00%(upstream:remoteref) refs/heads/master refs/remotes/master [2ms]
2024-04-19 14:04:27.609 [warning] No such branch: master.
2024-04-19 14:04:27.632 [info] > git status -z -uall [15ms]
2024-04-19 14:04:34.231 [info] > git config --get commit.template [13ms]
2024-04-19 14:04:34.232 [info] > git for-each-ref --format=%(refname)%00%(upstream:short)%00%(objectname)%00%(upstream:track)%00%(upstream:remotename)%00%(upstream:remoteref) refs/heads/master refs/remotes/master [4ms]
2024-04-19 14:04:34.233 [warning] No such branch: master.
2024-04-19 14:04:34.257 [info] > git status -z -uall [18ms]
2024-04-19 14:04:39.313 [info] > git config --get commit.template [12ms]
2024-04-19 14:04:39.315 [info] > git for-each-ref --format=%(refname)%00%(upstream:short)%00%(objectname)%00%(upstream:track)%00%(upstream:remotename)%00%(upstream:remoteref) refs/heads/master refs/remotes/master [3ms]
2024-04-19 14:04:39.316 [warning] No such branch: master.
2024-04-19 14:04:39.343 [info] > git status -z -uall [20ms]
2024-04-19 14:04:44.397 [info] > git config --get commit.template [10ms]
2024-04-19 14:04:44.398 [info] > git for-each-ref --format=%(refname)%00%(upstream:short)%00%(objectname)%00%(upstream:track)%00%(upstream:remotename)%00%(upstream:remoteref) refs/heads/master refs/remotes/master [2ms]
2024-04-19 14:04:44.398 [warning] No such branch: master.
2024-04-19 14:04:44.419 [info] > git status -z -uall [14ms]
2024-04-19 14:04:49.466 [info] > git config --get commit.template [10ms]
2024-04-19 14:04:49.466 [info] > git for-each-ref --format=%(refname)%00%(upstream:short)%00%(objectname)%00%(upstream:track)%00%(upstream:remotename)%00%(upstream:remoteref) refs/heads/master refs/remotes/master [2ms]
2024-04-19 14:04:49.466 [warning] No such branch: master.
2024-04-19 14:04:49.488 [info] > git status -z -uall [14ms]
2024-04-19 14:04:53.599 [info] > git check-ignore -v -z --stdin [2ms]
2024-04-19 14:04:54.537 [info] > git config --get commit.template [13ms]
2024-04-19 14:04:54.538 [info] > git for-each-ref --format=%(refname)%00%(upstream:short)%00%(objectname)%00%(upstream:track)%00%(upstream:remotename)%00%(upstream:remoteref) refs/heads/master refs/remotes/master [2ms]
2024-04-19 14:04:54.539 [warning] No such branch: master.
2024-04-19 14:04:54.561 [info] > git status -z -uall [14ms]
2024-04-19 14:04:59.611 [info] > git config --get commit.template [10ms]
2024-04-19 14:04:59.612 [info] > git for-each-ref --format=%(refname)%00%(upstream:short)%00%(objectname)%00%(upstream:track)%00%(upstream:remotename)%00%(upstream:remoteref) refs/heads/master refs/remotes/master [2ms]
2024-04-19 14:04:59.612 [warning] No such branch: master.
2024-04-19 14:04:59.633 [info] > git status -z -uall [13ms]
2024-04-19 14:05:05.247 [info] > git for-each-ref --format=%(refname)%00%(upstream:short)%00%(objectname)%00%(upstream:track)%00%(upstream:remotename)%00%(upstream:remoteref) refs/heads/master refs/remotes/master [2ms]
2024-04-19 14:05:05.248 [warning] No such branch: master.
2024-04-19 14:05:05.248 [info] > git config --get commit.template [18ms]
2024-04-19 14:05:05.273 [info] > git status -z -uall [16ms]
2024-04-19 14:05:10.315 [info] > git config --get commit.template [2ms]
2024-04-19 14:05:10.333 [info] > git for-each-ref --format=%(refname)%00%(upstream:short)%00%(objectname)%00%(upstream:track)%00%(upstream:remotename)%00%(upstream:remoteref) refs/heads/master refs/remotes/master [2ms]
2024-04-19 14:05:10.333 [warning] No such branch: master.
2024-04-19 14:05:10.368 [info] > git status -z -uall [20ms]
2024-04-19 14:05:15.408 [info] > git config --get commit.template [4ms]
2024-04-19 14:05:15.422 [info] > git for-each-ref --format=%(refname)%00%(upstream:short)%00%(objectname)%00%(upstream:track)%00%(upstream:remotename)%00%(upstream:remoteref) refs/heads/master refs/remotes/master [2ms]
2024-04-19 14:05:15.422 [warning] No such branch: master.
2024-04-19 14:05:15.453 [info] > git status -z -uall [20ms]
2024-04-19 14:05:20.505 [info] > git config --get commit.template [9ms]
2024-04-19 14:05:20.506 [info] > git for-each-ref --format=%(refname)%00%(upstream:short)%00%(objectname)%00%(upstream:track)%00%(upstream:remotename)%00%(upstream:remoteref) refs/heads/master refs/remotes/master [2ms]
2024-04-19 14:05:20.507 [warning] No such branch: master.
2024-04-19 14:05:20.531 [info] > git status -z -uall [14ms]
2024-04-19 14:05:25.591 [info] > git config --get commit.template [15ms]
2024-04-19 14:05:25.593 [info] > git for-each-ref --format=%(refname)%00%(upstream:short)%00%(objectname)%00%(upstream:track)%00%(upstream:remotename)%00%(upstream:remoteref) refs/heads/master refs/remotes/master [3ms]
2024-04-19 14:05:25.593 [warning] No such branch: master.
2024-04-19 14:05:25.613 [info] > git status -z -uall [13ms]
2024-04-19 14:05:30.650 [info] > git config --get commit.template [2ms]
2024-04-19 14:05:30.660 [info] > git for-each-ref --format=%(refname)%00%(upstream:short)%00%(objectname)%00%(upstream:track)%00%(upstream:remotename)%00%(upstream:remoteref) refs/heads/master refs/remotes/master [1ms]
2024-04-19 14:05:30.660 [warning] No such branch: master.
2024-04-19 14:05:30.681 [info] > git status -z -uall [14ms]
2024-04-19 14:05:35.721 [info] > git config --get commit.template [1ms]
2024-04-19 14:05:35.732 [info] > git for-each-ref --format=%(refname)%00%(upstream:short)%00%(objectname)%00%(upstream:track)%00%(upstream:remotename)%00%(upstream:remoteref) refs/heads/master refs/remotes/master [1ms]
2024-04-19 14:05:35.733 [warning] No such branch: master.
2024-04-19 14:05:35.755 [info] > git status -z -uall [15ms]
2024-04-19 14:05:40.805 [info] > git config --get commit.template [11ms]
2024-04-19 14:05:40.806 [info] > git for-each-ref --format=%(refname)%00%(upstream:short)%00%(objectname)%00%(upstream:track)%00%(upstream:remotename)%00%(upstream:remoteref) refs/heads/master refs/remotes/master [2ms]
2024-04-19 14:05:40.806 [warning] No such branch: master.
2024-04-19 14:05:40.828 [info] > git status -z -uall [14ms]
2024-04-19 14:05:47.261 [info] > git config --get commit.template [2ms]
2024-04-19 14:05:47.271 [info] > git for-each-ref --format=%(refname)%00%(upstream:short)%00%(objectname)%00%(upstream:track)%00%(upstream:remotename)%00%(upstream:remoteref) refs/heads/master refs/remotes/master [2ms]
2024-04-19 14:05:47.271 [warning] No such branch: master.
2024-04-19 14:05:47.293 [info] > git status -z -uall [14ms]
2024-04-19 14:05:52.333 [info] > git config --get commit.template [2ms]
2024-04-19 14:05:52.344 [info] > git for-each-ref --format=%(refname)%00%(upstream:short)%00%(objectname)%00%(upstream:track)%00%(upstream:remotename)%00%(upstream:remoteref) refs/heads/master refs/remotes/master [2ms]
2024-04-19 14:05:52.344 [warning] No such branch: master.
2024-04-19 14:05:52.364 [info] > git status -z -uall [12ms]
2024-04-19 14:05:58.266 [info] > git config --get commit.template [2ms]
2024-04-19 14:05:58.277 [info] > git for-each-ref --format=%(refname)%00%(upstream:short)%00%(objectname)%00%(upstream:track)%00%(upstream:remotename)%00%(upstream:remoteref) refs/heads/master refs/remotes/master [2ms]
2024-04-19 14:05:58.277 [warning] No such branch: master.
2024-04-19 14:05:58.299 [info] > git status -z -uall [13ms]
2024-04-19 14:06:03.337 [info] > git config --get commit.template [2ms]
2024-04-19 14:06:03.348 [info] > git for-each-ref --format=%(refname)%00%(upstream:short)%00%(objectname)%00%(upstream:track)%00%(upstream:remotename)%00%(upstream:remoteref) refs/heads/master refs/remotes/master [1ms]
2024-04-19 14:06:03.348 [warning] No such branch: master.
2024-04-19 14:06:03.368 [info] > git status -z -uall [12ms]
2024-04-19 14:06:08.413 [info] > git config --get commit.template [10ms]
2024-04-19 14:06:08.414 [info] > git for-each-ref --format=%(refname)%00%(upstream:short)%00%(objectname)%00%(upstream:track)%00%(upstream:remotename)%00%(upstream:remoteref) refs/heads/master refs/remotes/master [2ms]
2024-04-19 14:06:08.414 [warning] No such branch: master.
2024-04-19 14:06:08.435 [info] > git status -z -uall [12ms]
2024-04-19 14:06:13.480 [info] > git config --get commit.template [10ms]
2024-04-19 14:06:13.480 [info] > git for-each-ref --format=%(refname)%00%(upstream:short)%00%(objectname)%00%(upstream:track)%00%(upstream:remotename)%00%(upstream:remoteref) refs/heads/master refs/remotes/master [1ms]
2024-04-19 14:06:13.481 [warning] No such branch: master.
2024-04-19 14:06:13.503 [info] > git status -z -uall [13ms]
2024-04-19 14:06:18.555 [info] > git config --get commit.template [11ms]
2024-04-19 14:06:18.556 [info] > git for-each-ref --format=%(refname)%00%(upstream:short)%00%(objectname)%00%(upstream:track)%00%(upstream:remotename)%00%(upstream:remoteref) refs/heads/master refs/remotes/master [2ms]
2024-04-19 14:06:18.557 [warning] No such branch: master.
2024-04-19 14:06:18.578 [info] > git status -z -uall [11ms]
2024-04-19 14:06:23.614 [info] > git config --get commit.template [2ms]
2024-04-19 14:06:23.624 [info] > git for-each-ref --format=%(refname)%00%(upstream:short)%00%(objectname)%00%(upstream:track)%00%(upstream:remotename)%00%(upstream:remoteref) refs/heads/master refs/remotes/master [1ms]
2024-04-19 14:06:23.624 [warning] No such branch: master.
2024-04-19 14:06:23.646 [info] > git status -z -uall [14ms]
2024-04-19 14:06:28.697 [info] > git config --get commit.template [15ms]
2024-04-19 14:06:28.698 [info] > git for-each-ref --format=%(refname)%00%(upstream:short)%00%(objectname)%00%(upstream:track)%00%(upstream:remotename)%00%(upstream:remoteref) refs/heads/master refs/remotes/master [2ms]
2024-04-19 14:06:28.699 [warning] No such branch: master.
2024-04-19 14:06:28.722 [info] > git status -z -uall [14ms]
2024-04-19 14:06:33.763 [info] > git config --get commit.template [2ms]
2024-04-19 14:06:33.772 [info] > git for-each-ref --format=%(refname)%00%(upstream:short)%00%(objectname)%00%(upstream:track)%00%(upstream:remotename)%00%(upstream:remoteref) refs/heads/master refs/remotes/master [2ms]
2024-04-19 14:06:33.773 [warning] No such branch: master.
2024-04-19 14:06:33.793 [info] > git status -z -uall [13ms]
