2024-04-19 14:27:09.507 [info] Log level: Info
2024-04-19 14:27:09.507 [info] Validating found git in: "git"
2024-04-19 14:27:09.507 [info] Using git "2.34.1" from "git"
2024-04-19 14:27:09.507 [info] > git rev-parse --show-toplevel [301ms]
2024-04-19 14:27:09.507 [info] > git rev-parse --git-dir --git-common-dir [29ms]
2024-04-19 14:27:09.507 [info] Open repository: /home/root1
2024-04-19 14:27:09.507 [info] > git rev-parse --show-toplevel [44ms]
2024-04-19 14:27:09.507 [info] > git config --get commit.template [62ms]
2024-04-19 14:27:09.622 [info] > git for-each-ref --format=%(refname)%00%(upstream:short)%00%(objectname)%00%(upstream:track)%00%(upstream:remotename)%00%(upstream:remoteref) refs/heads/master refs/remotes/master [63ms]
2024-04-19 14:27:09.623 [warning] No such branch: master.
2024-04-19 14:27:09.658 [info] > git rev-parse --show-toplevel [128ms]
2024-04-19 14:27:09.897 [info] > git rev-parse --show-toplevel [99ms]
2024-04-19 14:27:09.985 [info] > git status -z -uall [330ms]
2024-04-19 14:27:13.421 [info] > git rev-parse --show-toplevel [3494ms]
2024-04-19 14:27:13.506 [info] > git check-ignore -v -z --stdin [2963ms]
2024-04-19 14:27:13.509 [info] > git show --textconv :Repositorio/index.html [70ms]
2024-04-19 14:27:13.522 [info] > git ls-files --stage -- /home/root1/Repositorio/index.html [71ms]
2024-04-19 14:27:13.526 [info] > git config --get commit.template [221ms]
2024-04-19 14:27:13.577 [info] > git for-each-ref --format=%(refname)%00%(upstream:short)%00%(objectname)%00%(upstream:track)%00%(upstream:remotename)%00%(upstream:remoteref) refs/heads/master refs/remotes/master [26ms]
2024-04-19 14:27:13.577 [warning] No such branch: master.
2024-04-19 14:27:13.768 [info] > git status -z -uall [170ms]
2024-04-19 14:27:19.909 [info] > git config --get commit.template [5ms]
2024-04-19 14:27:19.925 [info] > git for-each-ref --format=%(refname)%00%(upstream:short)%00%(objectname)%00%(upstream:track)%00%(upstream:remotename)%00%(upstream:remoteref) refs/heads/master refs/remotes/master [1ms]
2024-04-19 14:27:19.926 [warning] No such branch: master.
2024-04-19 14:27:19.976 [info] > git status -z -uall [40ms]
2024-04-19 14:27:22.527 [info] > git ls-files --stage -- /home/root1/Repositorio/index.html [2ms]
2024-04-19 14:27:22.545 [info] > git show --textconv :Repositorio/index.html [2ms]
2024-04-19 14:27:25.178 [info] > git config --get commit.template [12ms]
2024-04-19 14:27:25.179 [info] > git for-each-ref --format=%(refname)%00%(upstream:short)%00%(objectname)%00%(upstream:track)%00%(upstream:remotename)%00%(upstream:remoteref) refs/heads/master refs/remotes/master [3ms]
2024-04-19 14:27:25.179 [warning] No such branch: master.
2024-04-19 14:27:25.218 [info] > git status -z -uall [30ms]
2024-04-19 14:27:30.409 [info] > git config --get commit.template [1ms]
2024-04-19 14:27:30.423 [info] > git for-each-ref --format=%(refname)%00%(upstream:short)%00%(objectname)%00%(upstream:track)%00%(upstream:remotename)%00%(upstream:remoteref) refs/heads/master refs/remotes/master [2ms]
2024-04-19 14:27:30.423 [warning] No such branch: master.
2024-04-19 14:27:30.477 [info] > git status -z -uall [44ms]
2024-04-19 14:27:35.698 [info] > git config --get commit.template [15ms]
2024-04-19 14:27:35.699 [info] > git for-each-ref --format=%(refname)%00%(upstream:short)%00%(objectname)%00%(upstream:track)%00%(upstream:remotename)%00%(upstream:remoteref) refs/heads/master refs/remotes/master [4ms]
2024-04-19 14:27:35.699 [warning] No such branch: master.
2024-04-19 14:27:35.736 [info] > git status -z -uall [29ms]
2024-04-19 14:27:40.923 [info] > git config --get commit.template [2ms]
2024-04-19 14:27:40.935 [info] > git for-each-ref --format=%(refname)%00%(upstream:short)%00%(objectname)%00%(upstream:track)%00%(upstream:remotename)%00%(upstream:remoteref) refs/heads/master refs/remotes/master [3ms]
2024-04-19 14:27:40.936 [warning] No such branch: master.
2024-04-19 14:27:40.978 [info] > git status -z -uall [34ms]
2024-04-19 14:27:46.221 [info] > git for-each-ref --format=%(refname)%00%(upstream:short)%00%(objectname)%00%(upstream:track)%00%(upstream:remotename)%00%(upstream:remoteref) refs/heads/master refs/remotes/master [1ms]
2024-04-19 14:27:46.221 [warning] No such branch: master.
2024-04-19 14:27:46.221 [info] > git config --get commit.template [32ms]
2024-04-19 14:27:46.404 [info] > git status -z -uall [162ms]
2024-04-19 14:27:51.965 [info] > git config --get commit.template [2ms]
2024-04-19 14:27:51.981 [info] > git for-each-ref --format=%(refname)%00%(upstream:short)%00%(objectname)%00%(upstream:track)%00%(upstream:remotename)%00%(upstream:remoteref) refs/heads/master refs/remotes/master [3ms]
2024-04-19 14:27:51.981 [warning] No such branch: master.
2024-04-19 14:27:52.024 [info] > git status -z -uall [33ms]
2024-04-19 14:27:57.200 [info] > git config --get commit.template [2ms]
2024-04-19 14:27:57.224 [info] > git for-each-ref --format=%(refname)%00%(upstream:short)%00%(objectname)%00%(upstream:track)%00%(upstream:remotename)%00%(upstream:remoteref) refs/heads/master refs/remotes/master [1ms]
2024-04-19 14:27:57.224 [warning] No such branch: master.
2024-04-19 14:27:57.267 [info] > git status -z -uall [30ms]
2024-04-19 14:28:02.441 [info] > git config --get commit.template [3ms]
2024-04-19 14:28:02.457 [info] > git for-each-ref --format=%(refname)%00%(upstream:short)%00%(objectname)%00%(upstream:track)%00%(upstream:remotename)%00%(upstream:remoteref) refs/heads/master refs/remotes/master [2ms]
2024-04-19 14:28:02.458 [warning] No such branch: master.
2024-04-19 14:28:02.503 [info] > git status -z -uall [33ms]
2024-04-19 14:28:07.676 [info] > git config --get commit.template [2ms]
2024-04-19 14:28:07.691 [info] > git for-each-ref --format=%(refname)%00%(upstream:short)%00%(objectname)%00%(upstream:track)%00%(upstream:remotename)%00%(upstream:remoteref) refs/heads/master refs/remotes/master [1ms]
2024-04-19 14:28:07.691 [warning] No such branch: master.
2024-04-19 14:28:07.732 [info] > git status -z -uall [32ms]
2024-04-19 14:28:12.904 [info] > git config --get commit.template [5ms]
2024-04-19 14:28:12.919 [info] > git for-each-ref --format=%(refname)%00%(upstream:short)%00%(objectname)%00%(upstream:track)%00%(upstream:remotename)%00%(upstream:remoteref) refs/heads/master refs/remotes/master [2ms]
2024-04-19 14:28:12.919 [warning] No such branch: master.
2024-04-19 14:28:12.960 [info] > git status -z -uall [29ms]
2024-04-19 14:28:18.155 [info] > git for-each-ref --format=%(refname)%00%(upstream:short)%00%(objectname)%00%(upstream:track)%00%(upstream:remotename)%00%(upstream:remoteref) refs/heads/master refs/remotes/master [3ms]
2024-04-19 14:28:18.155 [warning] No such branch: master.
2024-04-19 14:28:18.156 [info] > git config --get commit.template [25ms]
2024-04-19 14:28:18.225 [info] > git status -z -uall [51ms]
2024-04-19 14:28:23.442 [info] > git config --get commit.template [2ms]
2024-04-19 14:28:23.456 [info] > git for-each-ref --format=%(refname)%00%(upstream:short)%00%(objectname)%00%(upstream:track)%00%(upstream:remotename)%00%(upstream:remoteref) refs/heads/master refs/remotes/master [1ms]
2024-04-19 14:28:23.456 [warning] No such branch: master.
2024-04-19 14:28:23.485 [info] > git status -z -uall [17ms]
2024-04-19 14:28:24.339 [info] > git ls-files --stage -- /home/root1/Repositorio/index.html [3ms]
2024-04-19 14:28:24.524 [info] > git cat-file -s e69de29bb2d1d6434b8b29ae775ad8c2e48c5391 [169ms]
2024-04-19 14:28:24.574 [info] > git show --textconv :Repositorio/index.html [4ms]
2024-04-19 14:28:28.581 [info] > git config --get commit.template [3ms]
2024-04-19 14:28:28.599 [info] > git for-each-ref --format=%(refname)%00%(upstream:short)%00%(objectname)%00%(upstream:track)%00%(upstream:remotename)%00%(upstream:remoteref) refs/heads/master refs/remotes/master [2ms]
2024-04-19 14:28:28.599 [warning] No such branch: master.
2024-04-19 14:28:28.624 [info] > git status -z -uall [15ms]
2024-04-19 14:28:33.680 [info] > git config --get commit.template [13ms]
2024-04-19 14:28:33.682 [info] > git for-each-ref --format=%(refname)%00%(upstream:short)%00%(objectname)%00%(upstream:track)%00%(upstream:remotename)%00%(upstream:remoteref) refs/heads/master refs/remotes/master [3ms]
2024-04-19 14:28:33.683 [warning] No such branch: master.
2024-04-19 14:28:33.706 [info] > git status -z -uall [14ms]
2024-04-19 14:28:38.770 [info] > git config --get commit.template [2ms]
2024-04-19 14:28:38.782 [info] > git for-each-ref --format=%(refname)%00%(upstream:short)%00%(objectname)%00%(upstream:track)%00%(upstream:remotename)%00%(upstream:remoteref) refs/heads/master refs/remotes/master [2ms]
2024-04-19 14:28:38.782 [warning] No such branch: master.
2024-04-19 14:28:38.819 [info] > git status -z -uall [23ms]
2024-04-19 14:28:39.579 [info] > git ls-files --stage -- /home/root1/Repositorio/index.html [2ms]
2024-04-19 14:28:39.593 [info] > git cat-file -s e69de29bb2d1d6434b8b29ae775ad8c2e48c5391 [1ms]
2024-04-19 14:28:39.613 [info] > git show --textconv :Repositorio/index.html [3ms]
2024-04-19 14:28:43.896 [info] > git config --get commit.template [13ms]
2024-04-19 14:28:43.898 [info] > git for-each-ref --format=%(refname)%00%(upstream:short)%00%(objectname)%00%(upstream:track)%00%(upstream:remotename)%00%(upstream:remoteref) refs/heads/master refs/remotes/master [5ms]
2024-04-19 14:28:43.898 [warning] No such branch: master.
2024-04-19 14:28:43.924 [info] > git status -z -uall [16ms]
2024-04-19 14:28:48.982 [info] > git config --get commit.template [19ms]
2024-04-19 14:28:48.983 [info] > git for-each-ref --format=%(refname)%00%(upstream:short)%00%(objectname)%00%(upstream:track)%00%(upstream:remotename)%00%(upstream:remoteref) refs/heads/master refs/remotes/master [4ms]
2024-04-19 14:28:48.983 [warning] No such branch: master.
2024-04-19 14:28:49.019 [info] > git status -z -uall [18ms]
2024-04-19 14:28:51.406 [info] > git show --textconv :.vscode-server/data/logs/20240419T142652/exthost1/remoteexthost.log [54ms]
2024-04-19 14:28:51.407 [info] > git ls-files --stage -- /home/root1/.vscode-server/data/logs/20240419T142652/exthost1/remoteexthost.log [25ms]
2024-04-19 14:28:51.438 [info] > git check-ignore -v -z --stdin [34ms]
2024-04-19 14:28:51.439 [info] > git cat-file -s 57a7e9acc678c0ea3f53cecf0fcac245df8adcc7 [3ms]
2024-04-19 14:28:52.181 [info] > git check-ignore -v -z --stdin [29ms]
2024-04-19 14:28:54.071 [info] > git config --get commit.template [3ms]
2024-04-19 14:28:54.090 [info] > git for-each-ref --format=%(refname)%00%(upstream:short)%00%(objectname)%00%(upstream:track)%00%(upstream:remotename)%00%(upstream:remoteref) refs/heads/master refs/remotes/master [1ms]
2024-04-19 14:28:54.091 [warning] No such branch: master.
2024-04-19 14:28:54.118 [info] > git status -z -uall [13ms]
2024-04-19 14:28:59.182 [info] > git config --get commit.template [14ms]
2024-04-19 14:28:59.185 [info] > git for-each-ref --format=%(refname)%00%(upstream:short)%00%(objectname)%00%(upstream:track)%00%(upstream:remotename)%00%(upstream:remoteref) refs/heads/master refs/remotes/master [6ms]
2024-04-19 14:28:59.186 [warning] No such branch: master.
2024-04-19 14:28:59.221 [info] > git status -z -uall [25ms]
2024-04-19 14:29:04.285 [info] > git config --get commit.template [6ms]
2024-04-19 14:29:04.300 [info] > git for-each-ref --format=%(refname)%00%(upstream:short)%00%(objectname)%00%(upstream:track)%00%(upstream:remotename)%00%(upstream:remoteref) refs/heads/master refs/remotes/master [2ms]
2024-04-19 14:29:04.300 [warning] No such branch: master.
2024-04-19 14:29:04.350 [info] > git status -z -uall [35ms]
2024-04-19 14:29:09.180 [info] > git show --textconv :.motd_shown [16ms]
2024-04-19 14:29:09.183 [info] > git ls-files --stage -- /home/root1/.motd_shown [5ms]
2024-04-19 14:29:09.193 [info] > git cat-file -s e69de29bb2d1d6434b8b29ae775ad8c2e48c5391 [2ms]
2024-04-19 14:29:09.415 [info] > git config --get commit.template [2ms]
2024-04-19 14:29:09.430 [info] > git for-each-ref --format=%(refname)%00%(upstream:short)%00%(objectname)%00%(upstream:track)%00%(upstream:remotename)%00%(upstream:remoteref) refs/heads/master refs/remotes/master [1ms]
2024-04-19 14:29:09.430 [warning] No such branch: master.
2024-04-19 14:29:09.467 [info] > git status -z -uall [20ms]
2024-04-19 14:29:15.307 [info] > git config --get commit.template [1ms]
2024-04-19 14:29:15.320 [info] > git for-each-ref --format=%(refname)%00%(upstream:short)%00%(objectname)%00%(upstream:track)%00%(upstream:remotename)%00%(upstream:remoteref) refs/heads/master refs/remotes/master [2ms]
2024-04-19 14:29:15.321 [warning] No such branch: master.
2024-04-19 14:29:15.351 [info] > git status -z -uall [18ms]
2024-04-19 14:29:20.411 [info] > git config --get commit.template [2ms]
2024-04-19 14:29:20.425 [info] > git for-each-ref --format=%(refname)%00%(upstream:short)%00%(objectname)%00%(upstream:track)%00%(upstream:remotename)%00%(upstream:remoteref) refs/heads/master refs/remotes/master [2ms]
2024-04-19 14:29:20.425 [warning] No such branch: master.
2024-04-19 14:29:20.455 [info] > git status -z -uall [17ms]
2024-04-19 14:30:33.702 [info] > git for-each-ref --format=%(refname)%00%(upstream:short)%00%(objectname)%00%(upstream:track)%00%(upstream:remotename)%00%(upstream:remoteref) refs/heads/master refs/remotes/master [3ms]
2024-04-19 14:30:33.708 [warning] No such branch: master.
2024-04-19 14:30:33.710 [info] > git config --get commit.template [22ms]
2024-04-19 14:30:33.754 [info] > git status -z -uall [23ms]
2024-04-19 14:30:38.861 [info] > git config --get commit.template [2ms]
2024-04-19 14:30:38.870 [info] > git for-each-ref --format=%(refname)%00%(upstream:short)%00%(objectname)%00%(upstream:track)%00%(upstream:remotename)%00%(upstream:remoteref) refs/heads/master refs/remotes/master [2ms]
2024-04-19 14:30:38.870 [warning] No such branch: master.
2024-04-19 14:30:38.891 [info] > git status -z -uall [14ms]
2024-04-19 14:30:40.413 [info] > git ls-files --stage -- /home/root1/.motd_shown [2ms]
2024-04-19 14:30:40.422 [info] > git cat-file -s e69de29bb2d1d6434b8b29ae775ad8c2e48c5391 [2ms]
2024-04-19 14:30:40.440 [info] > git show --textconv :.motd_shown [4ms]
2024-04-19 14:30:43.940 [info] > git config --get commit.template [8ms]
2024-04-19 14:30:43.958 [info] > git for-each-ref --format=%(refname)%00%(upstream:short)%00%(objectname)%00%(upstream:track)%00%(upstream:remotename)%00%(upstream:remoteref) refs/heads/master refs/remotes/master [7ms]
2024-04-19 14:30:43.958 [warning] No such branch: master.
2024-04-19 14:30:43.983 [info] > git status -z -uall [16ms]
2024-04-19 14:30:49.021 [info] > git config --get commit.template [2ms]
2024-04-19 14:30:49.030 [info] > git for-each-ref --format=%(refname)%00%(upstream:short)%00%(objectname)%00%(upstream:track)%00%(upstream:remotename)%00%(upstream:remoteref) refs/heads/master refs/remotes/master [2ms]
2024-04-19 14:30:49.030 [warning] No such branch: master.
2024-04-19 14:30:49.050 [info] > git status -z -uall [13ms]
2024-04-19 14:30:54.088 [info] > git config --get commit.template [2ms]
2024-04-19 14:30:54.098 [info] > git for-each-ref --format=%(refname)%00%(upstream:short)%00%(objectname)%00%(upstream:track)%00%(upstream:remotename)%00%(upstream:remoteref) refs/heads/master refs/remotes/master [2ms]
2024-04-19 14:30:54.098 [warning] No such branch: master.
2024-04-19 14:30:54.119 [info] > git status -z -uall [13ms]
2024-04-19 14:30:59.169 [info] > git config --get commit.template [10ms]
2024-04-19 14:30:59.171 [info] > git for-each-ref --format=%(refname)%00%(upstream:short)%00%(objectname)%00%(upstream:track)%00%(upstream:remotename)%00%(upstream:remoteref) refs/heads/master refs/remotes/master [4ms]
2024-04-19 14:30:59.171 [warning] No such branch: master.
2024-04-19 14:30:59.192 [info] > git status -z -uall [13ms]
