2024-04-19 14:27:03.882 [info] Extension host with pid 19838 started
2024-04-19 14:27:04.056 [info] ExtensionService#_doActivateExtension vscode.emmet, startup: false, activationEvent: 'onLanguage'
2024-04-19 14:27:04.069 [info] ExtensionService#_doActivateExtension vscode.html-language-features, startup: false, activationEvent: 'onLanguage:html'
2024-04-19 14:27:04.706 [info] Lock '/home/root1/.vscode-server/data/User/workspaceStorage/59c336218cb085ebda4ab529e260deda/vscode.lock': Lock acquired.
2024-04-19 14:27:05.414 [info] ExtensionService#_doActivateExtension vscode.git-base, startup: true, activationEvent: '*', root cause: vscode.git
2024-04-19 14:27:05.591 [info] ExtensionService#_doActivateExtension vscode.git, startup: true, activationEvent: '*'
2024-04-19 14:27:05.593 [info] ExtensionService#_doActivateExtension vscode.github, startup: true, activationEvent: '*'
2024-04-19 14:27:08.564 [info] Eager extensions activated
2024-04-19 14:27:08.565 [info] ExtensionService#_doActivateExtension vscode.debug-auto-launch, startup: false, activationEvent: 'onStartupFinished'
2024-04-19 14:27:08.565 [info] ExtensionService#_doActivateExtension vscode.merge-conflict, startup: false, activationEvent: 'onStartupFinished'
2024-04-19 14:27:10.488 [warning] [Decorations] CAPPING events from decorations provider vscode.git 3452
2024-04-19 14:27:14.214 [warning] [Decorations] CAPPING events from decorations provider vscode.git 3453
2024-04-19 14:27:20.137 [warning] [Decorations] CAPPING events from decorations provider vscode.git 3453
2024-04-19 14:27:25.370 [warning] [Decorations] CAPPING events from decorations provider vscode.git 3453
2024-04-19 14:27:30.617 [warning] [Decorations] CAPPING events from decorations provider vscode.git 3453
2024-04-19 14:27:35.889 [warning] [Decorations] CAPPING events from decorations provider vscode.git 3453
2024-04-19 14:27:41.118 [warning] [Decorations] CAPPING events from decorations provider vscode.git 3453
2024-04-19 14:27:46.879 [warning] [Decorations] CAPPING events from decorations provider vscode.git 3453
2024-04-19 14:27:52.152 [warning] [Decorations] CAPPING events from decorations provider vscode.git 3453
2024-04-19 14:27:57.405 [warning] [Decorations] CAPPING events from decorations provider vscode.git 3453
2024-04-19 14:28:02.649 [warning] [Decorations] CAPPING events from decorations provider vscode.git 3453
2024-04-19 14:28:07.872 [warning] [Decorations] CAPPING events from decorations provider vscode.git 3453
2024-04-19 14:28:13.096 [warning] [Decorations] CAPPING events from decorations provider vscode.git 3453
2024-04-19 14:28:18.402 [warning] [Decorations] CAPPING events from decorations provider vscode.git 3453
2024-04-19 14:28:23.543 [warning] [Decorations] CAPPING events from decorations provider vscode.git 3453
2024-04-19 14:28:28.648 [warning] [Decorations] CAPPING events from decorations provider vscode.git 1179
2024-04-19 14:28:33.735 [warning] [Decorations] CAPPING events from decorations provider vscode.git 1179
2024-04-19 14:28:38.861 [warning] [Decorations] CAPPING events from decorations provider vscode.git 1179
2024-04-19 14:28:43.946 [warning] [Decorations] CAPPING events from decorations provider vscode.git 1179
2024-04-19 14:28:49.049 [warning] [Decorations] CAPPING events from decorations provider vscode.git 1179
2024-04-19 14:28:54.145 [warning] [Decorations] CAPPING events from decorations provider vscode.git 1179
2024-04-19 14:28:59.257 [warning] [Decorations] CAPPING events from decorations provider vscode.git 1179
2024-04-19 14:29:04.389 [warning] [Decorations] CAPPING events from decorations provider vscode.git 1179
2024-04-19 14:29:09.491 [warning] [Decorations] CAPPING events from decorations provider vscode.git 1179
2024-04-19 14:29:15.388 [warning] [Decorations] CAPPING events from decorations provider vscode.git 1179
2024-04-19 14:29:20.484 [warning] [Decorations] CAPPING events from decorations provider vscode.git 1179
2024-04-19 14:30:33.816 [warning] [Decorations] CAPPING events from decorations provider vscode.git 1179
2024-04-19 14:30:38.914 [warning] [Decorations] CAPPING events from decorations provider vscode.git 1179
